#
# There is insufficient memory for the Java Runtime Environment to continue.
# Native memory allocation (malloc) failed to allocate 1351216 bytes for Chunk::new
# Possible reasons:
#   The system is out of physical RAM or swap space
#   The process is running with CompressedOops enabled, and the Java Heap may be blocking the growth of the native heap
# Possible solutions:
#   Reduce memory load on the system
#   Increase physical memory or swap space
#   Check if swap backing store is full
#   Decrease Java heap size (-Xmx/-Xms)
#   Decrease number of Java threads
#   Decrease Java thread stack sizes (-Xss)
#   Set larger code cache with -XX:ReservedCodeCacheSize=
#   JVM is running with Unscaled Compressed Oops mode in which the Java heap is
#     placed in the first 4GB address space. The Java Heap base address is the
#     maximum limit for the native heap growth. Please use -XX:HeapBaseMinAddress
#     to set the Java Heap base and to place the Java Heap above 4GB virtual address.
# This output file may be truncated or incomplete.
#
#  Out of Memory Error (t:/workspace/open/src/hotspot/share/memory/arena.cpp:197), pid=7964, tid=5852
#
# JRE version: OpenJDK Runtime Environment (11.0.2+9) (build 11.0.2+9)
# Java VM: OpenJDK 64-Bit Server VM (11.0.2+9, mixed mode, tiered, compressed oops, g1 gc, windows-amd64)
# No core dump will be written. Minidumps are not enabled by default on client versions of Windows
#

---------------  S U M M A R Y ------------

Command Line: -XX:MaxGCPauseMillis=50 -agentlib:jdwp=transport=dt_socket,address=127.0.0.1:53841 -Dfile.encoding=UTF-8 bluej.runtime.ExecServer UTF-8

Host: Intel(R) Celeron(R) CPU  N3060  @ 1.60GHz, 2 cores, 3G,  Windows 10 , 64 bit Build 18362 (10.0.18362.1110)
Time: Tue Jan  5 02:08:04 2021 Hora estándar central (México) elapsed time: 30 seconds (0d 0h 0m 30s)

---------------  T H R E A D  ---------------

Current thread (0x000001b1b08d4000):  JavaThread "C2 CompilerThread0" daemon [_thread_in_native, id=5852, stack(0x0000003161c00000,0x0000003161d00000)]


Current CompileTask:
C2:  30702 2284       4       sun.java2d.marlin.DRenderer::_endRendering (2480 bytes)

Stack: [0x0000003161c00000,0x0000003161d00000]
Native frames: (J=compiled Java code, j=interpreted, Vv=VM code, C=native code)
V  [jvm.dll+0x63489a]
V  [jvm.dll+0x771f9f]
V  [jvm.dll+0x773648]
V  [jvm.dll+0x773d03]
V  [jvm.dll+0x25eba8]
V  [jvm.dll+0xc2191]
V  [jvm.dll+0xc271c]
V  [jvm.dll+0x36cc47]
V  [jvm.dll+0x1a95df]
V  [jvm.dll+0x218ad2]
V  [jvm.dll+0x217b6a]
V  [jvm.dll+0x194370]
V  [jvm.dll+0x226b3f]
V  [jvm.dll+0x225148]
V  [jvm.dll+0x73774d]
V  [jvm.dll+0x633942]
C  [ucrtbase.dll+0x210b2]
C  [KERNEL32.DLL+0x17c24]
C  [ntdll.dll+0x6cea1]


---------------  P R O C E S S  ---------------

Threads class SMR info:
_java_thread_list=0x000001b1ba230ee0, length=26, elements={
0x000001b1b0863000, 0x000001b1b086c800, 0x000001b1b08ce800, 0x000001b1b08cf800,
0x000001b1b08d4000, 0x000001b1b087d800, 0x000001b1b0889000, 0x000001b1b0b69800,
0x000001b1b0b6d000, 0x000001b1b0b6e000, 0x000001b1b0b81800, 0x000001b1b0b98800,
0x000001b1b9191000, 0x000001b1b92a0800, 0x000001b1b92c3800, 0x000001b194039000,
0x000001b1b941d000, 0x000001b1b952c800, 0x000001b1b97c7800, 0x000001b1b9eae800,
0x000001b1ba010000, 0x000001b1ba010800, 0x000001b1ba00d800, 0x000001b1ba00f000,
0x000001b1ba00e000, 0x000001b1ba00c800
}

Java Threads: ( => current thread )
  0x000001b1b0863000 JavaThread "Reference Handler" daemon [_thread_blocked, id=7344, stack(0x0000003161800000,0x0000003161900000)]
  0x000001b1b086c800 JavaThread "Finalizer" daemon [_thread_blocked, id=7240, stack(0x0000003161900000,0x0000003161a00000)]
  0x000001b1b08ce800 JavaThread "Signal Dispatcher" daemon [_thread_blocked, id=8236, stack(0x0000003161a00000,0x0000003161b00000)]
  0x000001b1b08cf800 JavaThread "Attach Listener" daemon [_thread_blocked, id=9856, stack(0x0000003161b00000,0x0000003161c00000)]
=>0x000001b1b08d4000 JavaThread "C2 CompilerThread0" daemon [_thread_in_native, id=5852, stack(0x0000003161c00000,0x0000003161d00000)]
  0x000001b1b087d800 JavaThread "C1 CompilerThread0" daemon [_thread_blocked, id=9424, stack(0x0000003161d00000,0x0000003161e00000)]
  0x000001b1b0889000 JavaThread "Sweeper thread" daemon [_thread_blocked, id=2500, stack(0x0000003161e00000,0x0000003161f00000)]
  0x000001b1b0b69800 JavaThread "JDWP Transport Listener: dt_socket" daemon [_thread_blocked, id=3868, stack(0x0000003161f00000,0x0000003162000000)]
  0x000001b1b0b6d000 JavaThread "JDWP Event Helper Thread" daemon [_thread_blocked, id=952, stack(0x0000003162000000,0x0000003162100000)]
  0x000001b1b0b6e000 JavaThread "JDWP Command Reader" daemon [_thread_in_native, id=8684, stack(0x0000003162100000,0x0000003162200000)]
  0x000001b1b0b81800 JavaThread "Service Thread" daemon [_thread_blocked, id=7544, stack(0x0000003162200000,0x0000003162300000)]
  0x000001b1b0b98800 JavaThread "Common-Cleaner" daemon [_thread_blocked, id=9556, stack(0x0000003162400000,0x0000003162500000)]
  0x000001b1b9191000 JavaThread "Java2D Disposer" daemon [_thread_blocked, id=2608, stack(0x0000003162600000,0x0000003162700000)]
  0x000001b1b92a0800 JavaThread "AWT-Windows" daemon [_thread_in_native, id=7456, stack(0x0000003162800000,0x0000003162900000)]
  0x000001b1b92c3800 JavaThread "BlueJ worker thread" [_thread_blocked, id=6564, stack(0x0000003162a00000,0x0000003162b00000)]
  0x000001b194039000 JavaThread "DestroyJavaVM" [_thread_blocked, id=3888, stack(0x0000003161100000,0x0000003161200000)]
  0x000001b1b941d000 JavaThread "main" [_thread_blocked, id=6444, stack(0x0000003162c00000,0x0000003162d00000)]
  0x000001b1b952c800 JavaThread "QuantumRenderer-0" daemon [_thread_blocked, id=4892, stack(0x0000003162d00000,0x0000003162e00000)]
  0x000001b1b97c7800 JavaThread "InvokeLaterDispatcher" daemon [_thread_blocked, id=6848, stack(0x0000003162e00000,0x0000003162f00000)]
  0x000001b1b9eae800 JavaThread "JavaFX Application Thread" [_thread_in_native, id=9248, stack(0x0000003162f00000,0x0000003163000000)]
  0x000001b1ba010000 JavaThread "Thread-4" [_thread_in_native, id=5700, stack(0x0000003162900000,0x0000003162a00000)]
  0x000001b1ba010800 JavaThread "Thread-6" daemon [_thread_in_native, id=8320, stack(0x0000003163200000,0x0000003163300000)]
  0x000001b1ba00d800 JavaThread "Thread-7" daemon [_thread_blocked, id=9376, stack(0x0000003163300000,0x0000003163400000)]
  0x000001b1ba00f000 JavaThread "SimulationThread" [_thread_in_native, id=4640, stack(0x0000003163600000,0x0000003163700000)]
  0x000001b1ba00e000 JavaThread "Java Sound Event Dispatcher" daemon [_thread_blocked, id=1916, stack(0x0000003162700000,0x0000003162800000)]
  0x000001b1ba00c800 JavaThread "Direct Clip" daemon [_thread_blocked, id=8692, stack(0x0000003163a00000,0x0000003163b00000)]

Other Threads:
  0x000001b1b083f800 VMThread "VM Thread" [stack: 0x0000003161700000,0x0000003161800000] [id=7440]
  0x000001b1b0b82000 WatcherThread [stack: 0x0000003162300000,0x0000003162400000] [id=9984]
  0x000001b19404d800 GCTaskThread "GC Thread#0" [stack: 0x0000003161200000,0x0000003161300000] [id=9616]
  0x000001b1b913e800 GCTaskThread "GC Thread#1" [stack: 0x0000003162500000,0x0000003162600000] [id=9716]
  0x000001b19406a000 ConcurrentGCThread "G1 Main Marker" [stack: 0x0000003161300000,0x0000003161400000] [id=9692]
  0x000001b19406c000 ConcurrentGCThread "G1 Conc#0" [stack: 0x0000003161400000,0x0000003161500000] [id=9968]
  0x000001b1940ba800 ConcurrentGCThread "G1 Refine#0" [stack: 0x0000003161500000,0x0000003161600000] [id=10080]
  0x000001b1940bd800 ConcurrentGCThread "G1 Young RemSet Sampling" [stack: 0x0000003161600000,0x0000003161700000] [id=8964]

Threads with active compile tasks:
C2 CompilerThread02284       4       sun.java2d.marlin.DRenderer::_endRendering (2480 bytes)

VM state:not at safepoint (normal execution)

VM Mutex/Monitor currently owned by a thread: None

Heap address: 0x00000000c1600000, size: 1002 MB, Compressed Oops mode: 32-bit
Narrow klass base: 0x0000000000000000, Narrow klass shift: 3
Compressed class space size: 1073741824 Address: 0x0000000100000000

Heap:
 garbage-first heap   total 118784K, used 42040K [0x00000000c1600000, 0x0000000100000000)
  region size 1024K, 3 young (3072K), 1 survivors (1024K)
 Metaspace       used 19870K, capacity 20336K, committed 20608K, reserved 1067008K
  class space    used 1928K, capacity 2119K, committed 2176K, reserved 1048576K
Heap Regions: E=young(eden), S=young(survivor), O=old, HS=humongous(starts), HC=humongous(continues), CS=collection set, F=free, A=archive, TAMS=top-at-mark-start (previous, next)
|   0|0x00000000c1600000, 0x00000000c16fffe0, 0x00000000c1700000| 99%| O|  |TAMS 0x00000000c16fffe0, 0x00000000c1600000| Untracked 
|   1|0x00000000c1700000, 0x00000000c17d8fc0, 0x00000000c1800000| 84%| O|  |TAMS 0x00000000c17d8fc0, 0x00000000c1700000| Untracked 
|   2|0x00000000c1800000, 0x00000000c18fda80, 0x00000000c1900000| 99%| O|  |TAMS 0x00000000c18fda80, 0x00000000c1800000| Untracked 
|   3|0x00000000c1900000, 0x00000000c19ffed8, 0x00000000c1a00000| 99%| O|  |TAMS 0x00000000c19ffed8, 0x00000000c1900000| Untracked 
|   4|0x00000000c1a00000, 0x00000000c1affff8, 0x00000000c1b00000| 99%| O|  |TAMS 0x00000000c1affff8, 0x00000000c1a00000| Untracked 
|   5|0x00000000c1b00000, 0x00000000c1b979c0, 0x00000000c1c00000| 59%| O|  |TAMS 0x00000000c1b979c0, 0x00000000c1b00000| Untracked 
|   6|0x00000000c1c00000, 0x00000000c1d00000, 0x00000000c1d00000|100%|HS|  |TAMS 0x00000000c1d00000, 0x00000000c1c00000| Complete 
|   7|0x00000000c1d00000, 0x00000000c1e00000, 0x00000000c1e00000|100%|HC|  |TAMS 0x00000000c1e00000, 0x00000000c1d00000| Complete 
|   8|0x00000000c1e00000, 0x00000000c1f00000, 0x00000000c1f00000|100%|HS|  |TAMS 0x00000000c1f00000, 0x00000000c1e00000| Complete 
|   9|0x00000000c1f00000, 0x00000000c2000000, 0x00000000c2000000|100%| O|  |TAMS 0x00000000c2000000, 0x00000000c1f00000| Untracked 
|  10|0x00000000c2000000, 0x00000000c2100000, 0x00000000c2100000|100%| O|  |TAMS 0x00000000c2100000, 0x00000000c2000000| Untracked 
|  11|0x00000000c2100000, 0x00000000c21ce800, 0x00000000c2200000| 80%| O|  |TAMS 0x00000000c21ce800, 0x00000000c2100000| Untracked 
|  12|0x00000000c2200000, 0x00000000c22d03d0, 0x00000000c2300000| 81%| O|  |TAMS 0x00000000c22d03d0, 0x00000000c2200000| Untracked 
|  13|0x00000000c2300000, 0x00000000c2400000, 0x00000000c2400000|100%| O|  |TAMS 0x00000000c2400000, 0x00000000c2300000| Untracked 
|  14|0x00000000c2400000, 0x00000000c2500000, 0x00000000c2500000|100%| O|  |TAMS 0x00000000c2500000, 0x00000000c2400000| Untracked 
|  15|0x00000000c2500000, 0x00000000c2600000, 0x00000000c2600000|100%| O|  |TAMS 0x00000000c2600000, 0x00000000c2500000| Untracked 
|  16|0x00000000c2600000, 0x00000000c2700000, 0x00000000c2700000|100%|HS|  |TAMS 0x00000000c2700000, 0x00000000c2600000| Complete 
|  17|0x00000000c2700000, 0x00000000c2800000, 0x00000000c2800000|100%|HS|  |TAMS 0x00000000c2800000, 0x00000000c2700000| Complete 
|  18|0x00000000c2800000, 0x00000000c2900000, 0x00000000c2900000|100%|HS|  |TAMS 0x00000000c2800000, 0x00000000c2800000| Complete 
|  19|0x00000000c2900000, 0x00000000c2a00000, 0x00000000c2a00000|100%|HC|  |TAMS 0x00000000c2900000, 0x00000000c2900000| Complete 
|  20|0x00000000c2a00000, 0x00000000c2b00000, 0x00000000c2b00000|100%|HS|  |TAMS 0x00000000c2b00000, 0x00000000c2a00000| Complete 
|  21|0x00000000c2b00000, 0x00000000c2c00000, 0x00000000c2c00000|100%|HC|  |TAMS 0x00000000c2c00000, 0x00000000c2b00000| Complete 
|  22|0x00000000c2c00000, 0x00000000c2d00000, 0x00000000c2d00000|100%|HS|  |TAMS 0x00000000c2c00000, 0x00000000c2c00000| Complete 
|  23|0x00000000c2d00000, 0x00000000c2e00000, 0x00000000c2e00000|100%|HC|  |TAMS 0x00000000c2d00000, 0x00000000c2d00000| Complete 
|  24|0x00000000c2e00000, 0x00000000c2f00000, 0x00000000c2f00000|100%|HS|  |TAMS 0x00000000c2e00000, 0x00000000c2e00000| Complete 
|  25|0x00000000c2f00000, 0x00000000c3000000, 0x00000000c3000000|100%|HC|  |TAMS 0x00000000c2f00000, 0x00000000c2f00000| Complete 
|  26|0x00000000c3000000, 0x00000000c3100000, 0x00000000c3100000|100%|HS|  |TAMS 0x00000000c3000000, 0x00000000c3000000| Complete 
|  27|0x00000000c3100000, 0x00000000c3200000, 0x00000000c3200000|100%|HC|  |TAMS 0x00000000c3100000, 0x00000000c3100000| Complete 
|  28|0x00000000c3200000, 0x00000000c3300000, 0x00000000c3300000|100%|HS|  |TAMS 0x00000000c3200000, 0x00000000c3200000| Complete 
|  29|0x00000000c3300000, 0x00000000c3400000, 0x00000000c3400000|100%|HC|  |TAMS 0x00000000c3300000, 0x00000000c3300000| Complete 
|  30|0x00000000c3400000, 0x00000000c3400000, 0x00000000c3500000|  0%| F|  |TAMS 0x00000000c3400000, 0x00000000c3400000| Untracked 
|  31|0x00000000c3500000, 0x00000000c3500000, 0x00000000c3600000|  0%| F|  |TAMS 0x00000000c3500000, 0x00000000c3500000| Untracked 
|  32|0x00000000c3600000, 0x00000000c3700000, 0x00000000c3700000|100%|HS|  |TAMS 0x00000000c3700000, 0x00000000c3600000| Complete 
|  33|0x00000000c3700000, 0x00000000c3800000, 0x00000000c3800000|100%|HC|  |TAMS 0x00000000c3800000, 0x00000000c3700000| Complete 
|  34|0x00000000c3800000, 0x00000000c3900000, 0x00000000c3900000|100%|HS|  |TAMS 0x00000000c3900000, 0x00000000c3800000| Complete 
|  35|0x00000000c3900000, 0x00000000c3a00000, 0x00000000c3a00000|100%|HC|  |TAMS 0x00000000c3a00000, 0x00000000c3900000| Complete 
|  36|0x00000000c3a00000, 0x00000000c3a00000, 0x00000000c3b00000|  0%| F|  |TAMS 0x00000000c3a00000, 0x00000000c3a00000| Untracked 
|  37|0x00000000c3b00000, 0x00000000c3b00000, 0x00000000c3c00000|  0%| F|  |TAMS 0x00000000c3b00000, 0x00000000c3b00000| Untracked 
|  38|0x00000000c3c00000, 0x00000000c3c00000, 0x00000000c3d00000|  0%| F|  |TAMS 0x00000000c3c00000, 0x00000000c3c00000| Untracked 
|  39|0x00000000c3d00000, 0x00000000c3d00000, 0x00000000c3e00000|  0%| F|  |TAMS 0x00000000c3d00000, 0x00000000c3d00000| Untracked 
|  40|0x00000000c3e00000, 0x00000000c3e00000, 0x00000000c3f00000|  0%| F|  |TAMS 0x00000000c3e00000, 0x00000000c3e00000| Untracked 
|  41|0x00000000c3f00000, 0x00000000c4000000, 0x00000000c4000000|100%|HS|  |TAMS 0x00000000c4000000, 0x00000000c3f00000| Complete 
|  42|0x00000000c4000000, 0x00000000c4100000, 0x00000000c4100000|100%|HC|  |TAMS 0x00000000c4100000, 0x00000000c4000000| Complete 
|  43|0x00000000c4100000, 0x00000000c4200000, 0x00000000c4200000|100%|HC|  |TAMS 0x00000000c4200000, 0x00000000c4100000| Complete 
|  44|0x00000000c4200000, 0x00000000c4300000, 0x00000000c4300000|100%|HC|  |TAMS 0x00000000c4300000, 0x00000000c4200000| Complete 
|  45|0x00000000c4300000, 0x00000000c4400000, 0x00000000c4400000|100%|HC|  |TAMS 0x00000000c4400000, 0x00000000c4300000| Complete 
|  46|0x00000000c4400000, 0x00000000c4500000, 0x00000000c4500000|100%|HC|  |TAMS 0x00000000c4500000, 0x00000000c4400000| Complete 
|  47|0x00000000c4500000, 0x00000000c4600000, 0x00000000c4600000|100%|HC|  |TAMS 0x00000000c4600000, 0x00000000c4500000| Complete 
|  48|0x00000000c4600000, 0x00000000c4700000, 0x00000000c4700000|100%|HC|  |TAMS 0x00000000c4700000, 0x00000000c4600000| Complete 
|  49|0x00000000c4700000, 0x00000000c4700000, 0x00000000c4800000|  0%| F|  |TAMS 0x00000000c4700000, 0x00000000c4700000| Untracked 
|  50|0x00000000c4800000, 0x00000000c4800000, 0x00000000c4900000|  0%| F|  |TAMS 0x00000000c4800000, 0x00000000c4800000| Untracked 
|  51|0x00000000c4900000, 0x00000000c4900000, 0x00000000c4a00000|  0%| F|  |TAMS 0x00000000c4900000, 0x00000000c4900000| Untracked 
|  52|0x00000000c4a00000, 0x00000000c4a00000, 0x00000000c4b00000|  0%| F|  |TAMS 0x00000000c4a00000, 0x00000000c4a00000| Untracked 
|  53|0x00000000c4b00000, 0x00000000c4b00000, 0x00000000c4c00000|  0%| F|  |TAMS 0x00000000c4b00000, 0x00000000c4b00000| Untracked 
|  54|0x00000000c4c00000, 0x00000000c4c00000, 0x00000000c4d00000|  0%| F|  |TAMS 0x00000000c4c00000, 0x00000000c4c00000| Untracked 
|  55|0x00000000c4d00000, 0x00000000c4d00000, 0x00000000c4e00000|  0%| F|  |TAMS 0x00000000c4d00000, 0x00000000c4d00000| Untracked 
|  56|0x00000000c4e00000, 0x00000000c4e00000, 0x00000000c4f00000|  0%| F|  |TAMS 0x00000000c4e00000, 0x00000000c4e00000| Untracked 
|  57|0x00000000c4f00000, 0x00000000c4f00000, 0x00000000c5000000|  0%| F|  |TAMS 0x00000000c4f00000, 0x00000000c4f00000| Untracked 
|  58|0x00000000c5000000, 0x00000000c5000000, 0x00000000c5100000|  0%| F|  |TAMS 0x00000000c5000000, 0x00000000c5000000| Untracked 
|  59|0x00000000c5100000, 0x00000000c5100000, 0x00000000c5200000|  0%| F|  |TAMS 0x00000000c5100000, 0x00000000c5100000| Untracked 
|  60|0x00000000c5200000, 0x00000000c5200000, 0x00000000c5300000|  0%| F|  |TAMS 0x00000000c5200000, 0x00000000c5200000| Untracked 
|  61|0x00000000c5300000, 0x00000000c5300000, 0x00000000c5400000|  0%| F|  |TAMS 0x00000000c5300000, 0x00000000c5300000| Untracked 
|  62|0x00000000c5400000, 0x00000000c5400000, 0x00000000c5500000|  0%| F|  |TAMS 0x00000000c5400000, 0x00000000c5400000| Untracked 
|  63|0x00000000c5500000, 0x00000000c5500000, 0x00000000c5600000|  0%| F|  |TAMS 0x00000000c5500000, 0x00000000c5500000| Untracked 
|  64|0x00000000c5600000, 0x00000000c5600000, 0x00000000c5700000|  0%| F|  |TAMS 0x00000000c5600000, 0x00000000c5600000| Untracked 
|  65|0x00000000c5700000, 0x00000000c5700000, 0x00000000c5800000|  0%| F|  |TAMS 0x00000000c5700000, 0x00000000c5700000| Untracked 
|  66|0x00000000c5800000, 0x00000000c5800000, 0x00000000c5900000|  0%| F|  |TAMS 0x00000000c5800000, 0x00000000c5800000| Untracked 
|  67|0x00000000c5900000, 0x00000000c5900000, 0x00000000c5a00000|  0%| F|  |TAMS 0x00000000c5900000, 0x00000000c5900000| Untracked 
|  68|0x00000000c5a00000, 0x00000000c5a00000, 0x00000000c5b00000|  0%| F|  |TAMS 0x00000000c5a00000, 0x00000000c5a00000| Untracked 
|  69|0x00000000c5b00000, 0x00000000c5b00000, 0x00000000c5c00000|  0%| F|  |TAMS 0x00000000c5b00000, 0x00000000c5b00000| Untracked 
|  70|0x00000000c5c00000, 0x00000000c5c00000, 0x00000000c5d00000|  0%| F|  |TAMS 0x00000000c5c00000, 0x00000000c5c00000| Untracked 
|  71|0x00000000c5d00000, 0x00000000c5d00000, 0x00000000c5e00000|  0%| F|  |TAMS 0x00000000c5d00000, 0x00000000c5d00000| Untracked 
|  72|0x00000000c5e00000, 0x00000000c5e00000, 0x00000000c5f00000|  0%| F|  |TAMS 0x00000000c5e00000, 0x00000000c5e00000| Untracked 
|  73|0x00000000c5f00000, 0x00000000c5f00000, 0x00000000c6000000|  0%| F|  |TAMS 0x00000000c5f00000, 0x00000000c5f00000| Untracked 
|  74|0x00000000c6000000, 0x00000000c6000000, 0x00000000c6100000|  0%| F|  |TAMS 0x00000000c6000000, 0x00000000c6000000| Untracked 
|  75|0x00000000c6100000, 0x00000000c6100000, 0x00000000c6200000|  0%| F|  |TAMS 0x00000000c6100000, 0x00000000c6100000| Untracked 
|  76|0x00000000c6200000, 0x00000000c6200000, 0x00000000c6300000|  0%| F|  |TAMS 0x00000000c6200000, 0x00000000c6200000| Untracked 
|  77|0x00000000c6300000, 0x00000000c6300000, 0x00000000c6400000|  0%| F|  |TAMS 0x00000000c6300000, 0x00000000c6300000| Untracked 
|  78|0x00000000c6400000, 0x00000000c6400000, 0x00000000c6500000|  0%| F|  |TAMS 0x00000000c6400000, 0x00000000c6400000| Untracked 
|  79|0x00000000c6500000, 0x00000000c6500000, 0x00000000c6600000|  0%| F|  |TAMS 0x00000000c6500000, 0x00000000c6500000| Untracked 
|  80|0x00000000c6600000, 0x00000000c6600000, 0x00000000c6700000|  0%| F|  |TAMS 0x00000000c6600000, 0x00000000c6600000| Untracked 
|  81|0x00000000c6700000, 0x00000000c6700000, 0x00000000c6800000|  0%| F|  |TAMS 0x00000000c6700000, 0x00000000c6700000| Untracked 
|  82|0x00000000c6800000, 0x00000000c6800000, 0x00000000c6900000|  0%| F|  |TAMS 0x00000000c6800000, 0x00000000c6800000| Untracked 
|  83|0x00000000c6900000, 0x00000000c6900000, 0x00000000c6a00000|  0%| F|  |TAMS 0x00000000c6900000, 0x00000000c6900000| Untracked 
|  84|0x00000000c6a00000, 0x00000000c6a00000, 0x00000000c6b00000|  0%| F|  |TAMS 0x00000000c6a00000, 0x00000000c6a00000| Untracked 
|  85|0x00000000c6b00000, 0x00000000c6b00000, 0x00000000c6c00000|  0%| F|  |TAMS 0x00000000c6b00000, 0x00000000c6b00000| Untracked 
|  86|0x00000000c6c00000, 0x00000000c6c00000, 0x00000000c6d00000|  0%| F|  |TAMS 0x00000000c6c00000, 0x00000000c6c00000| Untracked 
|  87|0x00000000c6d00000, 0x00000000c6d00000, 0x00000000c6e00000|  0%| F|  |TAMS 0x00000000c6d00000, 0x00000000c6d00000| Untracked 
|  88|0x00000000c6e00000, 0x00000000c6e00000, 0x00000000c6f00000|  0%| F|  |TAMS 0x00000000c6e00000, 0x00000000c6e00000| Untracked 
|  89|0x00000000c6f00000, 0x00000000c6f00000, 0x00000000c7000000|  0%| F|  |TAMS 0x00000000c6f00000, 0x00000000c6f00000| Untracked 
|  90|0x00000000c7000000, 0x00000000c7000000, 0x00000000c7100000|  0%| F|  |TAMS 0x00000000c7000000, 0x00000000c7000000| Untracked 
|  91|0x00000000c7100000, 0x00000000c7100000, 0x00000000c7200000|  0%| F|  |TAMS 0x00000000c7100000, 0x00000000c7100000| Untracked 
|  92|0x00000000c7200000, 0x00000000c7200000, 0x00000000c7300000|  0%| F|  |TAMS 0x00000000c7200000, 0x00000000c7200000| Untracked 
|  93|0x00000000c7300000, 0x00000000c7300000, 0x00000000c7400000|  0%| F|  |TAMS 0x00000000c7300000, 0x00000000c7300000| Untracked 
|  94|0x00000000c7400000, 0x00000000c7400000, 0x00000000c7500000|  0%| F|  |TAMS 0x00000000c7400000, 0x00000000c7400000| Untracked 
|  95|0x00000000c7500000, 0x00000000c7500000, 0x00000000c7600000|  0%| F|  |TAMS 0x00000000c7500000, 0x00000000c7500000| Untracked 
|  96|0x00000000c7600000, 0x00000000c7600000, 0x00000000c7700000|  0%| F|  |TAMS 0x00000000c7600000, 0x00000000c7600000| Untracked 
|  97|0x00000000c7700000, 0x00000000c7700000, 0x00000000c7800000|  0%| F|  |TAMS 0x00000000c7700000, 0x00000000c7700000| Untracked 
|  98|0x00000000c7800000, 0x00000000c7800000, 0x00000000c7900000|  0%| F|  |TAMS 0x00000000c7800000, 0x00000000c7800000| Untracked 
|  99|0x00000000c7900000, 0x00000000c7900000, 0x00000000c7a00000|  0%| F|  |TAMS 0x00000000c7900000, 0x00000000c7900000| Untracked 
| 100|0x00000000c7a00000, 0x00000000c7a00000, 0x00000000c7b00000|  0%| F|  |TAMS 0x00000000c7a00000, 0x00000000c7a00000| Untracked 
| 101|0x00000000c7b00000, 0x00000000c7b00000, 0x00000000c7c00000|  0%| F|  |TAMS 0x00000000c7b00000, 0x00000000c7b00000| Untracked 
| 102|0x00000000c7c00000, 0x00000000c7c00000, 0x00000000c7d00000|  0%| F|  |TAMS 0x00000000c7c00000, 0x00000000c7c00000| Untracked 
| 103|0x00000000c7d00000, 0x00000000c7d00000, 0x00000000c7e00000|  0%| F|  |TAMS 0x00000000c7d00000, 0x00000000c7d00000| Untracked 
| 104|0x00000000c7e00000, 0x00000000c7e00000, 0x00000000c7f00000|  0%| F|  |TAMS 0x00000000c7e00000, 0x00000000c7e00000| Untracked 
| 105|0x00000000c7f00000, 0x00000000c7f00000, 0x00000000c8000000|  0%| F|  |TAMS 0x00000000c7f00000, 0x00000000c7f00000| Untracked 
| 106|0x00000000c8000000, 0x00000000c8000000, 0x00000000c8100000|  0%| F|  |TAMS 0x00000000c8000000, 0x00000000c8000000| Untracked 
| 107|0x00000000c8100000, 0x00000000c8100000, 0x00000000c8200000|  0%| F|  |TAMS 0x00000000c8100000, 0x00000000c8100000| Untracked 
| 108|0x00000000c8200000, 0x00000000c8200000, 0x00000000c8300000|  0%| F|  |TAMS 0x00000000c8200000, 0x00000000c8200000| Untracked 
| 109|0x00000000c8300000, 0x00000000c8300000, 0x00000000c8400000|  0%| F|  |TAMS 0x00000000c8300000, 0x00000000c8300000| Untracked 
| 110|0x00000000c8400000, 0x00000000c8400000, 0x00000000c8500000|  0%| F|  |TAMS 0x00000000c8400000, 0x00000000c8400000| Untracked 
| 111|0x00000000c8500000, 0x00000000c8500000, 0x00000000c8600000|  0%| F|  |TAMS 0x00000000c8500000, 0x00000000c8500000| Untracked 
| 112|0x00000000c8600000, 0x00000000c8600000, 0x00000000c8700000|  0%| F|  |TAMS 0x00000000c8600000, 0x00000000c8600000| Untracked 
| 113|0x00000000c8700000, 0x00000000c8701218, 0x00000000c8800000|  0%| S|CS|TAMS 0x00000000c8700000, 0x00000000c8700000| Complete 
| 114|0x00000000c8800000, 0x00000000c88db8a0, 0x00000000c8900000| 85%| E|  |TAMS 0x00000000c8800000, 0x00000000c8800000| Complete 
| 115|0x00000000c8900000, 0x00000000c8a00000, 0x00000000c8a00000|100%| E|  |TAMS 0x00000000c8900000, 0x00000000c8900000| Complete 

Card table byte_map: [0x000001b1ab970000,0x000001b1abb70000] _byte_map_base: 0x000001b1ab365000

Marking Bits (Prev, Next): (CMBitMap*) 0x000001b1940651b8, (CMBitMap*) 0x000001b1940651f0
 Prev Bits: [0x000001b1abd70000, 0x000001b1acd18000)
 Next Bits: [0x000001b1acd20000, 0x000001b1adcc8000)

Polling page: 0x000001b192710000

Metaspace:

Usage:
  Non-class:     17.79 MB capacity,    17.52 MB ( 98%) used,   221.88 KB (  1%) free+waste,    53.50 KB ( <1%) overhead. 
      Class:      2.07 MB capacity,     1.88 MB ( 91%) used,   165.83 KB (  8%) free+waste,    24.38 KB (  1%) overhead. 
       Both:     19.86 MB capacity,    19.40 MB ( 98%) used,   387.70 KB (  2%) free+waste,    77.88 KB ( <1%) overhead. 

Virtual space:
  Non-class space:       18.00 MB reserved,      18.00 MB (100%) committed 
      Class space:        1.00 GB reserved,       2.13 MB ( <1%) committed 
             Both:        1.02 GB reserved,      20.13 MB (  2%) committed 

Chunk freelists:
   Non-Class:  2.88 KB
       Class:  3.13 KB
        Both:  6.00 KB

CodeHeap 'non-profiled nmethods': size=120064Kb used=1363Kb max_used=1363Kb free=118700Kb
 bounds [0x000001b1a3e30000, 0x000001b1a40a0000, 0x000001b1ab370000]
CodeHeap 'profiled nmethods': size=120000Kb used=3932Kb max_used=4052Kb free=116067Kb
 bounds [0x000001b19c900000, 0x000001b19cd00000, 0x000001b1a3e30000]
CodeHeap 'non-nmethods': size=5696Kb used=1345Kb max_used=1438Kb free=4350Kb
 bounds [0x000001b19c370000, 0x000001b19c5e0000, 0x000001b19c900000]
 total_blobs=3399 nmethods=1998 adapters=587
 compilation: enabled
              stopped_count=0, restarted_count=0
 full_count=0

Compilation events (10 events):
Event: 30.391 Thread 0x000001b1b08d4000 nmethod 2200 0x000001b1a3f19b10 code [0x000001b1a3f19ce0, 0x000001b1a3f19e38]
Event: 30.391 Thread 0x000001b1b08d4000 2213       4       java.awt.image.BufferedImage::getHeight (8 bytes)
Event: 30.393 Thread 0x000001b1b08d4000 nmethod 2213 0x000001b1a3f19810 code [0x000001b1a3f199a0, 0x000001b1a3f19a38]
Event: 30.393 Thread 0x000001b1b08d4000 2208       4       sun.java2d.marlin.DRenderer::quadTo (74 bytes)
Event: 30.404 Thread 0x000001b1b08d4000 nmethod 2208 0x000001b1a3f18e10 code [0x000001b1a3f19060, 0x000001b1a3f19538]
Event: 30.404 Thread 0x000001b1b08d4000 2256       4       sun.java2d.marlin.DHelpers::subdivideQuadAt (217 bytes)
Event: 30.414 Thread 0x000001b1b08d4000 nmethod 2256 0x000001b1a3f18490 code [0x000001b1a3f18640, 0x000001b1a3f18ab8]
Event: 30.416 Thread 0x000001b1b08d4000 2283       4       sun.java2d.marlin.DHelpers$PolyStack::popAll (236 bytes)
Event: 30.446 Thread 0x000001b1b08d4000 nmethod 2283 0x000001b1a3f16f90 code [0x000001b1a3f17240, 0x000001b1a3f17e28]
Event: 30.446 Thread 0x000001b1b08d4000 2284       4       sun.java2d.marlin.DRenderer::_endRendering (2480 bytes)

GC Heap History (10 events):
Event: 28.734 GC heap before
{Heap before GC invocations=114 (full 1):
 garbage-first heap   total 118784K, used 52276K [0x00000000c1600000, 0x0000000100000000)
  region size 1024K, 2 young (2048K), 1 survivors (1024K)
 Metaspace       used 19821K, capacity 20336K, committed 20608K, reserved 1067008K
  class space    used 1923K, capacity 2119K, committed 2176K, reserved 1048576K
}
Event: 28.737 GC heap after
{Heap after GC invocations=115 (full 1):
 garbage-first heap   total 118784K, used 31798K [0x00000000c1600000, 0x0000000100000000)
  region size 1024K, 1 young (1024K), 1 survivors (1024K)
 Metaspace       used 19821K, capacity 20336K, committed 20608K, reserved 1067008K
  class space    used 1923K, capacity 2119K, committed 2176K, reserved 1048576K
}
Event: 28.788 GC heap before
{Heap before GC invocations=116 (full 1):
 garbage-first heap   total 118784K, used 31798K [0x00000000c1600000, 0x0000000100000000)
  region size 1024K, 1 young (1024K), 1 survivors (1024K)
 Metaspace       used 19821K, capacity 20336K, committed 20608K, reserved 1067008K
  class space    used 1923K, capacity 2119K, committed 2176K, reserved 1048576K
}
Event: 28.790 GC heap after
{Heap after GC invocations=117 (full 1):
 garbage-first heap   total 118784K, used 31799K [0x00000000c1600000, 0x0000000100000000)
  region size 1024K, 1 young (1024K), 1 survivors (1024K)
 Metaspace       used 19821K, capacity 20336K, committed 20608K, reserved 1067008K
  class space    used 1923K, capacity 2119K, committed 2176K, reserved 1048576K
}
Event: 29.328 GC heap before
{Heap before GC invocations=118 (full 1):
 garbage-first heap   total 118784K, used 52279K [0x00000000c1600000, 0x0000000100000000)
  region size 1024K, 2 young (2048K), 1 survivors (1024K)
 Metaspace       used 19824K, capacity 20336K, committed 20608K, reserved 1067008K
  class space    used 1923K, capacity 2119K, committed 2176K, reserved 1048576K
}
Event: 29.332 GC heap after
{Heap after GC invocations=119 (full 1):
 garbage-first heap   total 118784K, used 31801K [0x00000000c1600000, 0x0000000100000000)
  region size 1024K, 1 young (1024K), 1 survivors (1024K)
 Metaspace       used 19824K, capacity 20336K, committed 20608K, reserved 1067008K
  class space    used 1923K, capacity 2119K, committed 2176K, reserved 1048576K
}
Event: 29.380 GC heap before
{Heap before GC invocations=120 (full 1):
 garbage-first heap   total 118784K, used 31801K [0x00000000c1600000, 0x0000000100000000)
  region size 1024K, 1 young (1024K), 1 survivors (1024K)
 Metaspace       used 19824K, capacity 20336K, committed 20608K, reserved 1067008K
  class space    used 1923K, capacity 2119K, committed 2176K, reserved 1048576K
}
Event: 29.382 GC heap after
{Heap after GC invocations=121 (full 1):
 garbage-first heap   total 118784K, used 31800K [0x00000000c1600000, 0x0000000100000000)
  region size 1024K, 1 young (1024K), 1 survivors (1024K)
 Metaspace       used 19824K, capacity 20336K, committed 20608K, reserved 1067008K
  class space    used 1923K, capacity 2119K, committed 2176K, reserved 1048576K
}
Event: 29.916 GC heap before
{Heap before GC invocations=122 (full 1):
 garbage-first heap   total 118784K, used 52280K [0x00000000c1600000, 0x0000000100000000)
  region size 1024K, 2 young (2048K), 1 survivors (1024K)
 Metaspace       used 19825K, capacity 20336K, committed 20608K, reserved 1067008K
  class space    used 1923K, capacity 2119K, committed 2176K, reserved 1048576K
}
Event: 29.918 GC heap after
{Heap after GC invocations=123 (full 1):
 garbage-first heap   total 118784K, used 31800K [0x00000000c1600000, 0x0000000100000000)
  region size 1024K, 1 young (1024K), 1 survivors (1024K)
 Metaspace       used 19825K, capacity 20336K, committed 20608K, reserved 1067008K
  class space    used 1923K, capacity 2119K, committed 2176K, reserved 1048576K
}

Deoptimization events (10 events):
Event: 17.525 Thread 0x000001b1ba00f000 Uncommon trap: reason=unstable_if action=reinterpret pc=0x000001b1a3ea9f94 method=java.util.HashMap.hash(Ljava/lang/Object;)I @ 1 c2
Event: 17.862 Thread 0x000001b1ba00f000 Uncommon trap: reason=profile_predicate action=maybe_recompile pc=0x000001b1a3f1ede0 method=jdk.internal.jimage.ImageStringsReader.charsFromByteBuffer([CLjava/nio/ByteBuffer;)V @ 6 c2
Event: 17.862 Thread 0x000001b1ba00f000 Uncommon trap: reason=profile_predicate action=maybe_recompile pc=0x000001b1a3f1ede0 method=jdk.internal.jimage.ImageStringsReader.charsFromByteBuffer([CLjava/nio/ByteBuffer;)V @ 6 c2
Event: 17.862 Thread 0x000001b1ba00f000 Uncommon trap: reason=profile_predicate action=maybe_recompile pc=0x000001b1a3f1ede0 method=jdk.internal.jimage.ImageStringsReader.charsFromByteBuffer([CLjava/nio/ByteBuffer;)V @ 6 c2
Event: 17.862 Thread 0x000001b1ba00f000 Uncommon trap: reason=profile_predicate action=maybe_recompile pc=0x000001b1a3f1ede0 method=jdk.internal.jimage.ImageStringsReader.charsFromByteBuffer([CLjava/nio/ByteBuffer;)V @ 6 c2
Event: 18.239 Thread 0x000001b1ba00f000 Uncommon trap: reason=intrinsic_or_type_checked_inlining action=make_not_entrant pc=0x000001b1a3f2ba30 method=java.util.Arrays.copyOf([Ljava/lang/Object;ILjava/lang/Class;)[Ljava/lang/Object; @ 35 c2
Event: 18.426 Thread 0x000001b1ba010000 Uncommon trap: reason=unstable_if action=reinterpret pc=0x000001b1a3f0fbd8 method=greenfoot.vmcomm.VMCommsSimulation.doInterVMComms()V @ 610 c2
Event: 18.556 Thread 0x000001b1ba010000 Uncommon trap: reason=unstable_if action=reinterpret pc=0x000001b1a3ed6e40 method=greenfoot.vmcomm.VMCommsSimulation.doInterVMComms()V @ 610 c2
Event: 18.789 Thread 0x000001b1ba00f000 Uncommon trap: reason=unstable_if action=reinterpret pc=0x000001b1a3eeed98 method=sun.java2d.marlin.DRenderer._endRendering(II)V @ 2279 c2
Event: 20.055 Thread 0x000001b1ba010000 Uncommon trap: reason=unstable_if action=reinterpret pc=0x000001b1a3ea909c method=java.util.HashMap.putVal(ILjava/lang/Object;Ljava/lang/Object;ZZ)Ljava/lang/Object; @ 81 c2

Classes redefined (0 events):
No events

Internal exceptions (10 events):
Event: 4.061 Thread 0x000001b1b941c800 Exception <a 'java/lang/NoSuchMethodError'{0x00000000c53fc148}: java.lang.invoke.DirectMethodHandle$Holder.invokeStaticInit(Ljava/lang/Object;Ljava/lang/Object;IIII)Ljava/lang/Object;> (0x00000000c53fc148) thrown at [t:/workspace/open/src/hotspot/share/in
Event: 4.651 Thread 0x000001b1b9454800 Exception <a 'java/lang/NoSuchMethodError'{0x00000000c539a890}: java.lang.invoke.DirectMethodHandle$Holder.invokeStatic(Ljava/lang/Object;Ljava/lang/Object;Ljava/lang/Object;Ljava/lang/Object;Ljava/lang/Object;Ljava/lang/Object;Ljava/lang/Object;Ljava/lan
Event: 5.142 Thread 0x000001b1b9454800 Exception <a 'java/lang/NoSuchMethodError'{0x00000000c558d680}: java.lang.invoke.DirectMethodHandle$Holder.invokeStaticInit(Ljava/lang/Object;Ljava/lang/Object;Ljava/lang/Object;)I> (0x00000000c558d680) thrown at [t:/workspace/open/src/hotspot/share/inter
Event: 5.231 Thread 0x000001b1b9454800 Exception <a 'java/lang/NoSuchMethodError'{0x00000000c54473d0}: java.lang.invoke.DirectMethodHandle$Holder.invokeStatic(Ljava/lang/Object;Ljava/lang/Object;ILjava/lang/Object;)Ljava/lang/Object;> (0x00000000c54473d0) thrown at [t:/workspace/open/src/hotsp
Event: 5.237 Thread 0x000001b1b9454800 Exception <a 'java/lang/NoSuchMethodError'{0x00000000c544aca0}: java.lang.invoke.DirectMethodHandle$Holder.invokeSpecial(Ljava/lang/Object;Ljava/lang/Object;Ljava/lang/Object;ILjava/lang/Object;)Ljava/lang/Object;> (0x00000000c544aca0) thrown at [t:/works
Event: 5.239 Thread 0x000001b1b9454800 Exception <a 'java/lang/NoSuchMethodError'{0x00000000c544de88}: java.lang.invoke.Invokers$Holder.linkToTargetMethod(Ljava/lang/Object;ILjava/lang/Object;Ljava/lang/Object;)Ljava/lang/Object;> (0x00000000c544de88) thrown at [t:/workspace/open/src/hotspot/s
Event: 5.510 Thread 0x000001b1b9eae800 Exception <a 'java/lang/NoSuchMethodError'{0x00000000c528c5d0}: java.lang.invoke.DirectMethodHandle$Holder.invokeStaticInit(Ljava/lang/Object;)V> (0x00000000c528c5d0) thrown at [t:/workspace/open/src/hotspot/share/interpreter/linkResolver.cpp, line 772]
Event: 5.692 Thread 0x000001b1b97d7800 Implicit null exception at 0x000001b1a3e86277 to 0x000001b1a3e868aa
Event: 5.692 Thread 0x000001b1b97d7800 Implicit null exception at 0x000001b1a3e814f7 to 0x000001b1a3e81afe
Event: 17.525 Thread 0x000001b1ba00f000 Implicit null exception at 0x000001b1a3ea9ef8 to 0x000001b1a3ea9f8a

Events (10 events):
Event: 30.224 Executing VM operation: RevokeBias
Event: 30.224 Executing VM operation: RevokeBias done
Event: 30.227 Executing VM operation: RevokeBias
Event: 30.227 Executing VM operation: RevokeBias done
Event: 30.227 Executing VM operation: RevokeBias
Event: 30.227 Executing VM operation: RevokeBias done
Event: 30.227 loading class com/sun/media/sound/EventDispatcher$EventInfo
Event: 30.228 loading class com/sun/media/sound/EventDispatcher$EventInfo done
Event: 30.419 Thread 0x000001b1ba00f000 DEOPT PACKING pc=0x000001b19cbe5819 sp=0x00000031636fe480
Event: 30.419 Thread 0x000001b1ba00f000 DEOPT UNPACKING pc=0x000001b19c3ac83f sp=0x00000031636fd8d8 mode 0


Dynamic libraries:
0x00007ff7701e0000 - 0x00007ff770225000 	D:\Greenfoot-windows-361\Greenfoot\jdk\bin\java.exe
0x00007ff82c0e0000 - 0x00007ff82c2d0000 	C:\WINDOWS\SYSTEM32\ntdll.dll
0x00007ff82b7f0000 - 0x00007ff82b8a2000 	C:\WINDOWS\System32\KERNEL32.DLL
0x00007ff8296e0000 - 0x00007ff829985000 	C:\WINDOWS\System32\KERNELBASE.dll
0x00007ff82ac00000 - 0x00007ff82ad94000 	C:\WINDOWS\System32\USER32.dll
0x00007ff8292d0000 - 0x00007ff8292f1000 	C:\WINDOWS\System32\win32u.dll
0x00007ff82a720000 - 0x00007ff82a746000 	C:\WINDOWS\System32\GDI32.dll
0x00007ff829070000 - 0x00007ff829206000 	C:\WINDOWS\System32\gdi32full.dll
0x00007ff829230000 - 0x00007ff8292ce000 	C:\WINDOWS\System32\msvcp_win.dll
0x00007ff8293e0000 - 0x00007ff8294da000 	C:\WINDOWS\System32\ucrtbase.dll
0x00007ff817620000 - 0x00007ff8178a4000 	C:\WINDOWS\WinSxS\amd64_microsoft.windows.common-controls_6595b64144ccf1df_6.0.18362.1139_none_9e7bf2d3e4605ac6\COMCTL32.dll
0x00007ff82a340000 - 0x00007ff82a3de000 	C:\WINDOWS\System32\msvcrt.dll
0x00007ff82a3e0000 - 0x00007ff82a715000 	C:\WINDOWS\System32\combase.dll
0x00007ff82add0000 - 0x00007ff82aef0000 	C:\WINDOWS\System32\RPCRT4.dll
0x00007ff829990000 - 0x00007ff829a10000 	C:\WINDOWS\System32\bcryptPrimitives.dll
0x00007ff82ada0000 - 0x00007ff82adce000 	C:\WINDOWS\System32\IMM32.DLL
0x00007ff820410000 - 0x00007ff820426000 	D:\Greenfoot-windows-361\Greenfoot\jdk\bin\vcruntime140.dll
0x00007ff808f20000 - 0x00007ff808fca000 	D:\Greenfoot-windows-361\Greenfoot\jdk\bin\msvcp140.dll
0x00007fffe5420000 - 0x00007fffe5f43000 	D:\Greenfoot-windows-361\Greenfoot\jdk\bin\server\jvm.dll
0x00007ff82a760000 - 0x00007ff82a803000 	C:\WINDOWS\System32\ADVAPI32.dll
0x00007ff82aa40000 - 0x00007ff82aad7000 	C:\WINDOWS\System32\sechost.dll
0x00007ff82aef0000 - 0x00007ff82aef8000 	C:\WINDOWS\System32\PSAPI.DLL
0x00007ff820430000 - 0x00007ff820439000 	C:\WINDOWS\SYSTEM32\WSOCK32.dll
0x00007ff82bdf0000 - 0x00007ff82be5f000 	C:\WINDOWS\System32\WS2_32.dll
0x00007ff8264b0000 - 0x00007ff8264d4000 	C:\WINDOWS\SYSTEM32\WINMM.dll
0x00007ff818d60000 - 0x00007ff818d6a000 	C:\WINDOWS\SYSTEM32\VERSION.dll
0x00007ff826480000 - 0x00007ff8264ad000 	C:\WINDOWS\SYSTEM32\WINMMBASE.dll
0x00007ff829630000 - 0x00007ff82967a000 	C:\WINDOWS\System32\cfgmgr32.dll
0x00007ff828fb0000 - 0x00007ff828fc1000 	C:\WINDOWS\System32\kernel.appcore.dll
0x00007ff820390000 - 0x00007ff8203a1000 	D:\Greenfoot-windows-361\Greenfoot\jdk\bin\verify.dll
0x00007ff8278c0000 - 0x00007ff827ab4000 	C:\WINDOWS\SYSTEM32\DBGHELP.DLL
0x00007ff8188e0000 - 0x00007ff81890a000 	C:\WINDOWS\SYSTEM32\dbgcore.DLL
0x00007ff81edb0000 - 0x00007ff81edd8000 	D:\Greenfoot-windows-361\Greenfoot\jdk\bin\java.dll
0x00007ff811980000 - 0x00007ff8119b7000 	D:\Greenfoot-windows-361\Greenfoot\jdk\bin\jdwp.dll
0x00007ff81ed90000 - 0x00007ff81eda6000 	D:\Greenfoot-windows-361\Greenfoot\jdk\bin\zip.dll
0x00007ff81f0c0000 - 0x00007ff81f0ca000 	D:\Greenfoot-windows-361\Greenfoot\jdk\bin\jimage.dll
0x00007ff82b080000 - 0x00007ff82b767000 	C:\WINDOWS\System32\SHELL32.dll
0x00007ff82ab40000 - 0x00007ff82abe9000 	C:\WINDOWS\System32\shcore.dll
0x00007ff829a10000 - 0x00007ff82a190000 	C:\WINDOWS\System32\windows.storage.dll
0x00007ff828ff0000 - 0x00007ff829013000 	C:\WINDOWS\System32\profapi.dll
0x00007ff829020000 - 0x00007ff82906a000 	C:\WINDOWS\System32\powrprof.dll
0x00007ff828fa0000 - 0x00007ff828fb0000 	C:\WINDOWS\System32\UMPDC.dll
0x00007ff82aae0000 - 0x00007ff82ab32000 	C:\WINDOWS\System32\shlwapi.dll
0x00007ff829210000 - 0x00007ff829227000 	C:\WINDOWS\System32\cryptsp.dll
0x00007ff821770000 - 0x00007ff82177a000 	D:\Greenfoot-windows-361\Greenfoot\jdk\bin\dt_socket.dll
0x00007ff828790000 - 0x00007ff8287f7000 	C:\WINDOWS\system32\mswsock.dll
0x00007ff816c20000 - 0x00007ff816c39000 	D:\Greenfoot-windows-361\greenfoot\jdk\bin\net.dll
0x00007ff81ab30000 - 0x00007ff81ac20000 	C:\WINDOWS\SYSTEM32\WINHTTP.dll
0x00007ff81d300000 - 0x00007ff81d4d6000 	C:\WINDOWS\SYSTEM32\urlmon.dll
0x00007ff81d630000 - 0x00007ff81d8d7000 	C:\WINDOWS\SYSTEM32\iertutil.dll
0x00007ff828960000 - 0x00007ff82896c000 	C:\WINDOWS\SYSTEM32\CRYPTBASE.DLL
0x00007ff816c00000 - 0x00007ff816c13000 	D:\Greenfoot-windows-361\greenfoot\jdk\bin\nio.dll
0x00007ffff1f20000 - 0x00007ffff20be000 	D:\Greenfoot-windows-361\greenfoot\jdk\bin\awt.dll
0x00007ff82afb0000 - 0x00007ff82b075000 	C:\WINDOWS\System32\OLEAUT32.dll
0x00007ff825360000 - 0x00007ff825920000 	C:\WINDOWS\SYSTEM32\d2d1.dll
0x00007ff826810000 - 0x00007ff82689f000 	C:\WINDOWS\SYSTEM32\apphelp.dll
0x00007ff826d70000 - 0x00007ff826e09000 	C:\WINDOWS\system32\uxtheme.dll
0x00007ff82a200000 - 0x00007ff82a335000 	C:\WINDOWS\System32\MSCTF.dll
0x00007ff82bee0000 - 0x00007ff82c037000 	C:\WINDOWS\System32\ole32.dll
0x00007ff827010000 - 0x00007ff82703d000 	C:\WINDOWS\system32\DWMAPI.DLL
0x00007ff80c000000 - 0x00007ff80c156000 	C:\WINDOWS\system32\opengl32.dll
0x00007ff813b90000 - 0x00007ff813bbc000 	C:\WINDOWS\SYSTEM32\GLU32.dll
0x00007ff827c60000 - 0x00007ff827c80000 	C:\WINDOWS\SYSTEM32\dxcore.dll
0x00007ff828300000 - 0x00007ff828333000 	C:\WINDOWS\system32\rsaenh.dll
0x00007ff829300000 - 0x00007ff829326000 	C:\WINDOWS\System32\bcrypt.dll
0x00007ff828ec0000 - 0x00007ff828ee5000 	C:\WINDOWS\SYSTEM32\USERENV.dll
0x00007ff8284a0000 - 0x00007ff8284da000 	C:\WINDOWS\SYSTEM32\IPHLPAPI.DLL
0x00007ff82a750000 - 0x00007ff82a758000 	C:\WINDOWS\System32\NSI.dll
0x00007ff81b1a0000 - 0x00007ff81b1b6000 	C:\WINDOWS\SYSTEM32\dhcpcsvc6.DLL
0x00007ff81bd30000 - 0x00007ff81bd4c000 	C:\WINDOWS\SYSTEM32\dhcpcsvc.DLL
0x00007ff8284e0000 - 0x00007ff8285ab000 	C:\WINDOWS\SYSTEM32\DNSAPI.dll
0x000001b1b9a00000 - 0x000001b1b9a03000 	D:\Greenfoot-windows-361\greenfoot\lib\javafx\bin\api-ms-win-core-console-l1-1-0.dll
0x000001b1bb520000 - 0x000001b1bb523000 	D:\Greenfoot-windows-361\greenfoot\lib\javafx\bin\api-ms-win-core-datetime-l1-1-0.dll
0x000001b1bb530000 - 0x000001b1bb533000 	D:\Greenfoot-windows-361\greenfoot\lib\javafx\bin\api-ms-win-core-debug-l1-1-0.dll
0x000001b1bb540000 - 0x000001b1bb543000 	D:\Greenfoot-windows-361\greenfoot\lib\javafx\bin\api-ms-win-core-errorhandling-l1-1-0.dll
0x000001b1bb550000 - 0x000001b1bb554000 	D:\Greenfoot-windows-361\greenfoot\lib\javafx\bin\api-ms-win-core-file-l1-1-0.dll
0x000001b1bb560000 - 0x000001b1bb563000 	D:\Greenfoot-windows-361\greenfoot\lib\javafx\bin\api-ms-win-core-file-l1-2-0.dll
0x000001b1bb570000 - 0x000001b1bb573000 	D:\Greenfoot-windows-361\greenfoot\lib\javafx\bin\api-ms-win-core-file-l2-1-0.dll
0x000001b1bb580000 - 0x000001b1bb583000 	D:\Greenfoot-windows-361\greenfoot\lib\javafx\bin\api-ms-win-core-handle-l1-1-0.dll
0x000001b1bb590000 - 0x000001b1bb593000 	D:\Greenfoot-windows-361\greenfoot\lib\javafx\bin\api-ms-win-core-heap-l1-1-0.dll
0x000001b1bb5a0000 - 0x000001b1bb5a3000 	D:\Greenfoot-windows-361\greenfoot\lib\javafx\bin\api-ms-win-core-interlocked-l1-1-0.dll
0x000001b1bb5b0000 - 0x000001b1bb5b3000 	D:\Greenfoot-windows-361\greenfoot\lib\javafx\bin\api-ms-win-core-libraryloader-l1-1-0.dll
0x000001b1bb5c0000 - 0x000001b1bb5c3000 	D:\Greenfoot-windows-361\greenfoot\lib\javafx\bin\api-ms-win-core-localization-l1-2-0.dll
0x000001b1bb5d0000 - 0x000001b1bb5d3000 	D:\Greenfoot-windows-361\greenfoot\lib\javafx\bin\api-ms-win-core-memory-l1-1-0.dll
0x000001b1bb5e0000 - 0x000001b1bb5e3000 	D:\Greenfoot-windows-361\greenfoot\lib\javafx\bin\api-ms-win-core-namedpipe-l1-1-0.dll
0x000001b1bb5f0000 - 0x000001b1bb5f3000 	D:\Greenfoot-windows-361\greenfoot\lib\javafx\bin\api-ms-win-core-processenvironment-l1-1-0.dll
0x000001b1bb600000 - 0x000001b1bb603000 	D:\Greenfoot-windows-361\greenfoot\lib\javafx\bin\api-ms-win-core-processthreads-l1-1-0.dll
0x000001b1bb610000 - 0x000001b1bb613000 	D:\Greenfoot-windows-361\greenfoot\lib\javafx\bin\api-ms-win-core-processthreads-l1-1-1.dll
0x000001b1bb620000 - 0x000001b1bb623000 	D:\Greenfoot-windows-361\greenfoot\lib\javafx\bin\api-ms-win-core-profile-l1-1-0.dll
0x000001b1bb630000 - 0x000001b1bb633000 	D:\Greenfoot-windows-361\greenfoot\lib\javafx\bin\api-ms-win-core-rtlsupport-l1-1-0.dll
0x000001b1bb640000 - 0x000001b1bb643000 	D:\Greenfoot-windows-361\greenfoot\lib\javafx\bin\api-ms-win-core-string-l1-1-0.dll
0x000001b1bb650000 - 0x000001b1bb653000 	D:\Greenfoot-windows-361\greenfoot\lib\javafx\bin\api-ms-win-core-synch-l1-1-0.dll
0x000001b1bb660000 - 0x000001b1bb663000 	D:\Greenfoot-windows-361\greenfoot\lib\javafx\bin\api-ms-win-core-synch-l1-2-0.dll
0x000001b1bb670000 - 0x000001b1bb673000 	D:\Greenfoot-windows-361\greenfoot\lib\javafx\bin\api-ms-win-core-sysinfo-l1-1-0.dll
0x000001b1bb680000 - 0x000001b1bb683000 	D:\Greenfoot-windows-361\greenfoot\lib\javafx\bin\api-ms-win-core-timezone-l1-1-0.dll
0x000001b1bb690000 - 0x000001b1bb693000 	D:\Greenfoot-windows-361\greenfoot\lib\javafx\bin\api-ms-win-core-util-l1-1-0.dll
0x000001b1bb6a0000 - 0x000001b1bb6a3000 	D:\Greenfoot-windows-361\greenfoot\lib\javafx\bin\api-ms-win-crt-conio-l1-1-0.dll
0x000001b1bb6b0000 - 0x000001b1bb6b4000 	D:\Greenfoot-windows-361\greenfoot\lib\javafx\bin\api-ms-win-crt-convert-l1-1-0.dll
0x000001b1bb6c0000 - 0x000001b1bb6c3000 	D:\Greenfoot-windows-361\greenfoot\lib\javafx\bin\api-ms-win-crt-environment-l1-1-0.dll
0x000001b1bb6d0000 - 0x000001b1bb6d3000 	D:\Greenfoot-windows-361\greenfoot\lib\javafx\bin\api-ms-win-crt-filesystem-l1-1-0.dll
0x000001b1bb6e0000 - 0x000001b1bb6e3000 	D:\Greenfoot-windows-361\greenfoot\lib\javafx\bin\api-ms-win-crt-heap-l1-1-0.dll
0x000001b1bb6f0000 - 0x000001b1bb6f3000 	D:\Greenfoot-windows-361\greenfoot\lib\javafx\bin\api-ms-win-crt-locale-l1-1-0.dll
0x000001b1bb700000 - 0x000001b1bb705000 	D:\Greenfoot-windows-361\greenfoot\lib\javafx\bin\api-ms-win-crt-math-l1-1-0.dll
0x000001b1bb710000 - 0x000001b1bb715000 	D:\Greenfoot-windows-361\greenfoot\lib\javafx\bin\api-ms-win-crt-multibyte-l1-1-0.dll
0x000001b1bb720000 - 0x000001b1bb730000 	D:\Greenfoot-windows-361\greenfoot\lib\javafx\bin\api-ms-win-crt-private-l1-1-0.dll
0x000001b1bb730000 - 0x000001b1bb733000 	D:\Greenfoot-windows-361\greenfoot\lib\javafx\bin\api-ms-win-crt-process-l1-1-0.dll
0x000001b1bb740000 - 0x000001b1bb744000 	D:\Greenfoot-windows-361\greenfoot\lib\javafx\bin\api-ms-win-crt-runtime-l1-1-0.dll
0x000001b1bb750000 - 0x000001b1bb754000 	D:\Greenfoot-windows-361\greenfoot\lib\javafx\bin\api-ms-win-crt-stdio-l1-1-0.dll
0x000001b1bb760000 - 0x000001b1bb764000 	D:\Greenfoot-windows-361\greenfoot\lib\javafx\bin\api-ms-win-crt-string-l1-1-0.dll
0x000001b1bb770000 - 0x000001b1bb773000 	D:\Greenfoot-windows-361\greenfoot\lib\javafx\bin\api-ms-win-crt-time-l1-1-0.dll
0x000001b1bb780000 - 0x000001b1bb783000 	D:\Greenfoot-windows-361\greenfoot\lib\javafx\bin\api-ms-win-crt-utility-l1-1-0.dll
0x00007ff803890000 - 0x00007ff80398a000 	D:\Greenfoot-windows-361\greenfoot\lib\javafx\bin\ucrtbase.dll
0x00007ff821e40000 - 0x00007ff821e56000 	D:\Greenfoot-windows-361\greenfoot\lib\javafx\bin\vcruntime140.dll
0x00007ff8037e0000 - 0x00007ff803886000 	D:\Greenfoot-windows-361\greenfoot\lib\javafx\bin\msvcp140.dll
0x00007ff816ba0000 - 0x00007ff816bf1000 	D:\Greenfoot-windows-361\greenfoot\lib\javafx\bin\concrt140.dll
0x00007ff811c40000 - 0x00007ff811c63000 	D:\Greenfoot-windows-361\greenfoot\lib\javafx\bin\prism_d3d.dll
0x00007fffff620000 - 0x00007fffff7e7000 	C:\WINDOWS\system32\d3d9.dll
0x00007fffe1920000 - 0x00007fffe3e5e000 	C:\WINDOWS\SYSTEM32\igdumdim64.dll
0x00007ff82b8b0000 - 0x00007ff82bd20000 	C:\WINDOWS\System32\SETUPAPI.dll
0x00007ff8074d0000 - 0x00007ff807515000 	D:\Greenfoot-windows-361\greenfoot\lib\javafx\bin\glass.dll
0x00007ff82bd20000 - 0x00007ff82bdf0000 	C:\WINDOWS\System32\COMDLG32.dll
0x00007ff81f540000 - 0x00007ff81ff7f000 	C:\WINDOWS\SYSTEM32\igdusc64.dll
0x00007ff81ed10000 - 0x00007ff81ed22000 	D:\Greenfoot-windows-361\greenfoot\jdk\bin\jsound.dll
0x00007ffffbdf0000 - 0x00007ffffbe89000 	C:\WINDOWS\SYSTEM32\DSOUND.dll
0x00007ff82af00000 - 0x00007ff82afa2000 	C:\WINDOWS\System32\clbcatq.dll
0x00007ff81c170000 - 0x00007ff81c1e2000 	C:\WINDOWS\System32\MMDevApi.dll
0x00007ff828d30000 - 0x00007ff828d5a000 	C:\WINDOWS\System32\DEVOBJ.dll
0x00007ff811bf0000 - 0x00007ff811c34000 	C:\WINDOWS\SYSTEM32\wdmaud.drv

dbghelp: loaded successfully - version: 4.0.5 - missing functions: none
symbol engine: initialized successfully - sym options: 0x614 - pdb path: .;D:\Greenfoot-windows-361\Greenfoot\jdk\bin;C:\WINDOWS\SYSTEM32;C:\WINDOWS\WinSxS\amd64_microsoft.windows.common-controls_6595b64144ccf1df_6.0.18362.1139_none_9e7bf2d3e4605ac6;D:\Greenfoot-windows-361\Greenfoot\jdk\bin\server;D:\Greenfoot-windows-361\greenfoot\lib\javafx\bin

VM Arguments:
jvm_args: -XX:MaxGCPauseMillis=50 -agentlib:jdwp=transport=dt_socket,address=127.0.0.1:53841 -Dfile.encoding=UTF-8 
java_command: bluej.runtime.ExecServer UTF-8
java_class_path (initial): D:\Greenfoot-windows-361\greenfoot\lib\extensions\greenfoot.jar;D:\Greenfoot-windows-361\greenfoot\lib\bluejcore.jar;D:\Greenfoot-windows-361\greenfoot\lib\bluejeditor.jar;D:\Greenfoot-windows-361\greenfoot\lib\bluejext.jar;D:\Greenfoot-windows-361\greenfoot\lib\junit-4.11.jar;D:\Greenfoot-windows-361\greenfoot\lib\hamcrest-core-1.3.jar;D:\Greenfoot-windows-361\greenfoot\lib\bluej.jar;D:\Greenfoot-windows-361\greenfoot\lib\classgraph-4.2.6.jar;D:\Greenfoot-windows-361\greenfoot\lib\diffutils-1.2.1.jar;D:\Greenfoot-windows-361\greenfoot\lib\commons-logging-api-1.1.2.jar;D:\Greenfoot-windows-361\greenfoot\lib\jl1.0.1.jar;D:\Greenfoot-windows-361\greenfoot\lib\opencsv-2.3.jar;D:\Greenfoot-windows-361\greenfoot\lib\xom-1.2.9.jar;D:\Greenfoot-windows-361\greenfoot\lib\lang-stride.jar;D:\Greenfoot-windows-361\greenfoot\lib\nsmenufx-2.1.4.jar;D:\Greenfoot-windows-361\greenfoot\lib\richtextfx-fat-0.9.0.jar;D:\Greenfoot-windows-361\greenfoot\lib\guava-17.0.jar;D:\Greenfoot-windows-361\greenfoot\lib\httpclient-4.1.1.jar;D:\Greenfoot-windows-361\greenfoot\lib\httpcore-4.1.jar;D:\Greenfoot-windows-361\greenfoot\lib\httpmime-4.1.1.jar;D:\Greenfoot-windows-361\greenfoot\lib\javafx\lib\javafx.base.jar;D:\Greenfoot-windows-361\greenfoot\lib\javafx\lib\javafx.controls.jar;D:\Greenfoot-windows-361\greenfoot\lib\javafx\lib\javafx.fxml.jar;D:\Greenfoot-windows-361\greenfoot\lib\javafx\lib\javafx.graphics.jar;D:\Greenfoot-windows-361\greenfoot\lib\javafx\lib\javafx.media.jar;D:\Greenfoot-windows-361\greenfoot\lib\javafx\lib\javafx.properties.jar;D:\Greenfoot-windows-361\greenfoot\lib\javafx\lib\javafx.swing.jar;D:\Greenfoot-windows-361\greenfoot\lib\javafx\lib\javafx.web.jar;D:\Greenfoot-windows-361\greenfoot\lib\javafx\lib\javafx.base.jar;D:\Greenfoot-windows-361\greenfoot\lib\javafx\lib\javafx.controls.jar;D:\Greenfoot-windows-361\greenfoot\lib\javafx\lib\javafx.fxml.jar;D:\Greenfoot-windows-361\greenfoot\lib\javafx\lib\javafx.graphics.jar;D:\Greenfoot-win
Launcher Type: SUN_STANDARD

[Global flags]
     intx CICompilerCount                          = 2                                         {product} {ergonomic}
     uint ConcGCThreads                            = 1                                         {product} {ergonomic}
     uint G1ConcRefinementThreads                  = 2                                         {product} {ergonomic}
   size_t G1HeapRegionSize                         = 1048576                                   {product} {ergonomic}
    uintx GCDrainStackTargetSize                   = 64                                        {product} {ergonomic}
   size_t InitialHeapSize                          = 67108864                                  {product} {ergonomic}
   size_t MarkStackSize                            = 4194304                                   {product} {ergonomic}
    uintx MaxGCPauseMillis                         = 50                                        {product} {command line}
   size_t MaxHeapSize                              = 1050673152                                {product} {ergonomic}
   size_t MaxNewSize                               = 630194176                                 {product} {ergonomic}
   size_t MinHeapDeltaBytes                        = 1048576                                   {product} {ergonomic}
    uintx NonNMethodCodeHeapSize                   = 5824844                                {pd product} {ergonomic}
    uintx NonProfiledCodeHeapSize                  = 122916698                              {pd product} {ergonomic}
    uintx ProfiledCodeHeapSize                     = 122916698                              {pd product} {ergonomic}
    uintx ReservedCodeCacheSize                    = 251658240                              {pd product} {ergonomic}
     bool SegmentedCodeCache                       = true                                      {product} {ergonomic}
     bool UseCompressedClassPointers               = true                                 {lp64_product} {ergonomic}
     bool UseCompressedOops                        = true                                 {lp64_product} {ergonomic}
     bool UseG1GC                                  = true                                      {product} {ergonomic}
     bool UseLargePagesIndividualAllocation        = false                                  {pd product} {ergonomic}

Logging:
Log output configuration:
 #0: stdout all=warning uptime,level,tags
 #1: stderr all=off uptime,level,tags

Environment Variables:
JAVA_HOME=C:\Program Files\Java\jdk-14.0.2
PATH=C:\WINDOWS\system32;C:\WINDOWS;C:\WINDOWS\System32\Wbem;C:\WINDOWS\System32\WindowsPowerShell\v1.0\;C:\WINDOWS\System32\OpenSSH\;C:\Program Files\Git\cmd;C:\maven\apache-maven-3.6.3\bin;C:\Users\iFelix\AppData\Local\Microsoft\WindowsApps;
USERNAME=iFelix
OS=Windows_NT
PROCESSOR_IDENTIFIER=Intel64 Family 6 Model 76 Stepping 4, GenuineIntel



---------------  S Y S T E M  ---------------

OS: Windows 10 , 64 bit Build 18362 (10.0.18362.1110)

CPU:total 2 (initial active 2) (2 cores per cpu, 1 threads per core) family 6 model 76 stepping 4, cmov, cx8, fxsr, mmx, sse, sse2, sse3, ssse3, sse4.1, sse4.2, popcnt, aes, clmul, erms, 3dnowpref, tsc, tscinvbit

Memory: 4k page, system-wide physical 4001M (811M free)
TotalPageFile size 5111M (AvailPageFile size 3M)
current process WorkingSet (physical memory assigned to process): 196M, peak: 203M
current process commit charge ("private bytes"): 275M, peak: 282M

vm_info: OpenJDK 64-Bit Server VM (11.0.2+9) for windows-amd64 JRE (11.0.2+9), built on Jan 18 2019 05:23:22 by "mach5one" with MS VC++ 15.5 (VS2017)

END.
