#
# There is insufficient memory for the Java Runtime Environment to continue.
# Native memory allocation (malloc) failed to allocate 32744 bytes for ChunkPool::allocate
# Possible reasons:
#   The system is out of physical RAM or swap space
#   The process is running with CompressedOops enabled, and the Java Heap may be blocking the growth of the native heap
# Possible solutions:
#   Reduce memory load on the system
#   Increase physical memory or swap space
#   Check if swap backing store is full
#   Decrease Java heap size (-Xmx/-Xms)
#   Decrease number of Java threads
#   Decrease Java thread stack sizes (-Xss)
#   Set larger code cache with -XX:ReservedCodeCacheSize=
#   JVM is running with Unscaled Compressed Oops mode in which the Java heap is
#     placed in the first 4GB address space. The Java Heap base address is the
#     maximum limit for the native heap growth. Please use -XX:HeapBaseMinAddress
#     to set the Java Heap base and to place the Java Heap above 4GB virtual address.
# This output file may be truncated or incomplete.
#
#  Out of Memory Error (t:/workspace/open/src/hotspot/share/memory/arena.cpp:81), pid=4760, tid=8760
#
# JRE version: OpenJDK Runtime Environment (11.0.2+9) (build 11.0.2+9)
# Java VM: OpenJDK 64-Bit Server VM (11.0.2+9, mixed mode, tiered, compressed oops, g1 gc, windows-amd64)
# No core dump will be written. Minidumps are not enabled by default on client versions of Windows
#

---------------  S U M M A R Y ------------

Command Line: -XX:MaxGCPauseMillis=50 -agentlib:jdwp=transport=dt_socket,address=127.0.0.1:51001 -Dfile.encoding=UTF-8 bluej.runtime.ExecServer UTF-8

Host: Intel(R) Celeron(R) CPU  N3060  @ 1.60GHz, 2 cores, 3G,  Windows 10 , 64 bit Build 18362 (10.0.18362.1110)
Time: Mon Dec 28 19:50:55 2020 Hora estándar central (México) elapsed time: 2759 seconds (0d 0h 45m 59s)

---------------  T H R E A D  ---------------

Current thread (0x00000204a16c5000):  JavaThread "C2 CompilerThread0" daemon [_thread_in_native, id=8760, stack(0x0000003254000000,0x0000003254100000)]


Current CompileTask:
C2:2759193 2010 %     4       sun.java2d.marlin.DRenderer::_endRendering @ 319 (2480 bytes)

Stack: [0x0000003254000000,0x0000003254100000]
Native frames: (J=compiled Java code, j=interpreted, Vv=VM code, C=native code)
V  [jvm.dll+0x63489a]
V  [jvm.dll+0x771f9f]
V  [jvm.dll+0x773648]
V  [jvm.dll+0x773d03]
V  [jvm.dll+0x25eba8]
V  [jvm.dll+0xc23bb]
V  [jvm.dll+0xc271c]
V  [jvm.dll+0xc2270]
V  [jvm.dll+0x613baf]
V  [jvm.dll+0x6664ae]
V  [jvm.dll+0x1a989d]
V  [jvm.dll+0x218ad2]
V  [jvm.dll+0x217b6a]
V  [jvm.dll+0x194370]
V  [jvm.dll+0x226b3f]
V  [jvm.dll+0x225148]
V  [jvm.dll+0x73774d]
V  [jvm.dll+0x633942]
C  [ucrtbase.dll+0x210b2]
C  [KERNEL32.DLL+0x17c24]
C  [ntdll.dll+0x6cea1]


---------------  P R O C E S S  ---------------

Threads class SMR info:
_java_thread_list=0x00000204aac973b0, length=24, elements={
0x00000204a1655800, 0x00000204a1661000, 0x00000204a16c1800, 0x00000204a16c2800,
0x00000204a16c5000, 0x00000204a1674800, 0x00000204a1857800, 0x00000204a198d000,
0x00000204a1996800, 0x00000204a1997800, 0x00000204a19a6800, 0x00000204a19ba000,
0x00000204aa0ae800, 0x00000204aa0fa800, 0x00000204aa0ef800, 0x0000020485657000,
0x00000204a1870800, 0x00000204aab26800, 0x00000204ab1d8800, 0x00000204aad55000,
0x00000204aad5b800, 0x00000204aad56000, 0x00000204aad59000, 0x00000204aad5a000
}

Java Threads: ( => current thread )
  0x00000204a1655800 JavaThread "Reference Handler" daemon [_thread_blocked, id=5024, stack(0x0000003253c00000,0x0000003253d00000)]
  0x00000204a1661000 JavaThread "Finalizer" daemon [_thread_blocked, id=3240, stack(0x0000003253d00000,0x0000003253e00000)]
  0x00000204a16c1800 JavaThread "Signal Dispatcher" daemon [_thread_blocked, id=1888, stack(0x0000003253e00000,0x0000003253f00000)]
  0x00000204a16c2800 JavaThread "Attach Listener" daemon [_thread_blocked, id=4828, stack(0x0000003253f00000,0x0000003254000000)]
=>0x00000204a16c5000 JavaThread "C2 CompilerThread0" daemon [_thread_in_native, id=8760, stack(0x0000003254000000,0x0000003254100000)]
  0x00000204a1674800 JavaThread "C1 CompilerThread0" daemon [_thread_blocked, id=4224, stack(0x0000003254100000,0x0000003254200000)]
  0x00000204a1857800 JavaThread "Sweeper thread" daemon [_thread_blocked, id=7864, stack(0x0000003254200000,0x0000003254300000)]
  0x00000204a198d000 JavaThread "JDWP Transport Listener: dt_socket" daemon [_thread_blocked, id=316, stack(0x0000003254300000,0x0000003254400000)]
  0x00000204a1996800 JavaThread "JDWP Event Helper Thread" daemon [_thread_blocked, id=4072, stack(0x0000003254400000,0x0000003254500000)]
  0x00000204a1997800 JavaThread "JDWP Command Reader" daemon [_thread_in_native, id=1052, stack(0x0000003254500000,0x0000003254600000)]
  0x00000204a19a6800 JavaThread "Service Thread" daemon [_thread_blocked, id=6352, stack(0x0000003254600000,0x0000003254700000)]
  0x00000204a19ba000 JavaThread "Common-Cleaner" daemon [_thread_blocked, id=9064, stack(0x0000003254800000,0x0000003254900000)]
  0x00000204aa0ae800 JavaThread "Java2D Disposer" daemon [_thread_blocked, id=5204, stack(0x0000003254a00000,0x0000003254b00000)]
  0x00000204aa0fa800 JavaThread "AWT-Windows" daemon [_thread_in_native, id=3480, stack(0x0000003254c00000,0x0000003254d00000)]
  0x00000204aa0ef800 JavaThread "BlueJ worker thread" [_thread_blocked, id=5068, stack(0x0000003254e00000,0x0000003254f00000)]
  0x0000020485657000 JavaThread "DestroyJavaVM" [_thread_blocked, id=7920, stack(0x0000003253400000,0x0000003253500000)]
  0x00000204a1870800 JavaThread "main" [_thread_blocked, id=7312, stack(0x0000003254d00000,0x0000003254e00000)]
  0x00000204aab26800 JavaThread "QuantumRenderer-0" daemon [_thread_blocked, id=6992, stack(0x0000003255100000,0x0000003255200000)]
  0x00000204ab1d8800 JavaThread "InvokeLaterDispatcher" daemon [_thread_blocked, id=9472, stack(0x0000003255200000,0x0000003255300000)]
  0x00000204aad55000 JavaThread "JavaFX Application Thread" [_thread_in_native, id=7292, stack(0x0000003255300000,0x0000003255400000)]
  0x00000204aad5b800 JavaThread "Thread-4" [_thread_in_native, id=2776, stack(0x0000003255600000,0x0000003255700000)]
  0x00000204aad56000 JavaThread "Thread-6" daemon [_thread_in_native, id=8244, stack(0x0000003254b00000,0x0000003254c00000)]
  0x00000204aad59000 JavaThread "Thread-7" daemon [_thread_blocked, id=5412, stack(0x0000003254f00000,0x0000003255000000)]
  0x00000204aad5a000 JavaThread "SimulationThread" [_thread_in_native, id=6904, stack(0x0000003255900000,0x0000003255a00000)]

Other Threads:
  0x00000204a1630000 VMThread "VM Thread" [stack: 0x0000003253b00000,0x0000003253c00000] [id=8836]
  0x00000204a19a7000 WatcherThread [stack: 0x0000003254700000,0x0000003254800000] [id=4440]
  0x000002048566c800 GCTaskThread "GC Thread#0" [stack: 0x0000003253600000,0x0000003253700000] [id=9580]
  0x00000204a9fab000 GCTaskThread "GC Thread#1" [stack: 0x0000003254900000,0x0000003254a00000] [id=9604]
  0x0000020485688800 ConcurrentGCThread "G1 Main Marker" [stack: 0x0000003253700000,0x0000003253800000] [id=4868]
  0x000002048568c000 ConcurrentGCThread "G1 Conc#0" [stack: 0x0000003253800000,0x0000003253900000] [id=9520]
  0x00000204856db000 ConcurrentGCThread "G1 Refine#0" [stack: 0x0000003253900000,0x0000003253a00000] [id=1160]
  0x00000204856dc000 ConcurrentGCThread "G1 Young RemSet Sampling" [stack: 0x0000003253a00000,0x0000003253b00000] [id=4912]

Threads with active compile tasks:
C2 CompilerThread02010 %     4       sun.java2d.marlin.DRenderer::_endRendering @ 319 (2480 bytes)

VM state:not at safepoint (normal execution)

VM Mutex/Monitor currently owned by a thread: None

Heap address: 0x00000000c1600000, size: 1002 MB, Compressed Oops mode: 32-bit
Narrow klass base: 0x0000000000000000, Narrow klass shift: 3
Compressed class space size: 1073741824 Address: 0x0000000100000000

Heap:
 garbage-first heap   total 55296K, used 24621K [0x00000000c1600000, 0x0000000100000000)
  region size 1024K, 4 young (4096K), 1 survivors (1024K)
 Metaspace       used 19563K, capacity 20081K, committed 20352K, reserved 1067008K
  class space    used 1898K, capacity 2074K, committed 2176K, reserved 1048576K
Heap Regions: E=young(eden), S=young(survivor), O=old, HS=humongous(starts), HC=humongous(continues), CS=collection set, F=free, A=archive, TAMS=top-at-mark-start (previous, next)
|   0|0x00000000c1600000, 0x00000000c16ffff8, 0x00000000c1700000| 99%| O|  |TAMS 0x00000000c16ffff8, 0x00000000c1600000| Untracked 
|   1|0x00000000c1700000, 0x00000000c17ffa48, 0x00000000c1800000| 99%| O|  |TAMS 0x00000000c17ffa48, 0x00000000c1700000| Untracked 
|   2|0x00000000c1800000, 0x00000000c1900000, 0x00000000c1900000|100%| O|  |TAMS 0x00000000c1900000, 0x00000000c1800000| Untracked 
|   3|0x00000000c1900000, 0x00000000c19fffc8, 0x00000000c1a00000| 99%| O|  |TAMS 0x00000000c19fffc8, 0x00000000c1900000| Untracked 
|   4|0x00000000c1a00000, 0x00000000c1afd860, 0x00000000c1b00000| 99%| O|  |TAMS 0x00000000c1afd860, 0x00000000c1a00000| Untracked 
|   5|0x00000000c1b00000, 0x00000000c1c00000, 0x00000000c1c00000|100%|HS|  |TAMS 0x00000000c1c00000, 0x00000000c1b00000| Complete 
|   6|0x00000000c1c00000, 0x00000000c1d00000, 0x00000000c1d00000|100%|HC|  |TAMS 0x00000000c1d00000, 0x00000000c1c00000| Complete 
|   7|0x00000000c1d00000, 0x00000000c1e00000, 0x00000000c1e00000|100%|HS|  |TAMS 0x00000000c1e00000, 0x00000000c1d00000| Complete 
|   8|0x00000000c1e00000, 0x00000000c1f00000, 0x00000000c1f00000|100%|HC|  |TAMS 0x00000000c1f00000, 0x00000000c1e00000| Complete 
|   9|0x00000000c1f00000, 0x00000000c1f4c8a0, 0x00000000c2000000| 29%| O|  |TAMS 0x00000000c1f4c8a0, 0x00000000c1f00000| Untracked 
|  10|0x00000000c2000000, 0x00000000c2100000, 0x00000000c2100000|100%|HS|  |TAMS 0x00000000c2000000, 0x00000000c2000000| Complete 
|  11|0x00000000c2100000, 0x00000000c2200000, 0x00000000c2200000|100%|HC|  |TAMS 0x00000000c2100000, 0x00000000c2100000| Complete 
|  12|0x00000000c2200000, 0x00000000c2300000, 0x00000000c2300000|100%|HS|  |TAMS 0x00000000c2200000, 0x00000000c2200000| Complete 
|  13|0x00000000c2300000, 0x00000000c2400000, 0x00000000c2400000|100%|HC|  |TAMS 0x00000000c2300000, 0x00000000c2300000| Complete 
|  14|0x00000000c2400000, 0x00000000c2500000, 0x00000000c2500000|100%|HS|  |TAMS 0x00000000c2500000, 0x00000000c2400000| Complete 
|  15|0x00000000c2500000, 0x00000000c2600000, 0x00000000c2600000|100%|HC|  |TAMS 0x00000000c2600000, 0x00000000c2500000| Complete 
|  16|0x00000000c2600000, 0x00000000c2700000, 0x00000000c2700000|100%|HS|  |TAMS 0x00000000c2600000, 0x00000000c2600000| Complete 
|  17|0x00000000c2700000, 0x00000000c2800000, 0x00000000c2800000|100%|HS|  |TAMS 0x00000000c2800000, 0x00000000c2700000| Complete 
|  18|0x00000000c2800000, 0x00000000c2900000, 0x00000000c2900000|100%|HC|  |TAMS 0x00000000c2900000, 0x00000000c2800000| Complete 
|  19|0x00000000c2900000, 0x00000000c2a00000, 0x00000000c2a00000|100%|HS|  |TAMS 0x00000000c2900000, 0x00000000c2900000| Complete 
|  20|0x00000000c2a00000, 0x00000000c2b00000, 0x00000000c2b00000|100%|HS|  |TAMS 0x00000000c2a00000, 0x00000000c2a00000| Complete 
|  21|0x00000000c2b00000, 0x00000000c2c00000, 0x00000000c2c00000|100%|HS|  |TAMS 0x00000000c2b00000, 0x00000000c2b00000| Complete 
|  22|0x00000000c2c00000, 0x00000000c2c00000, 0x00000000c2d00000|  0%| F|  |TAMS 0x00000000c2c00000, 0x00000000c2c00000| Untracked 
|  23|0x00000000c2d00000, 0x00000000c2d00000, 0x00000000c2e00000|  0%| F|  |TAMS 0x00000000c2d00000, 0x00000000c2d00000| Untracked 
|  24|0x00000000c2e00000, 0x00000000c2e00000, 0x00000000c2f00000|  0%| F|  |TAMS 0x00000000c2e00000, 0x00000000c2e00000| Untracked 
|  25|0x00000000c2f00000, 0x00000000c2f00000, 0x00000000c3000000|  0%| F|  |TAMS 0x00000000c2f00000, 0x00000000c2f00000| Untracked 
|  26|0x00000000c3000000, 0x00000000c3000000, 0x00000000c3100000|  0%| F|  |TAMS 0x00000000c3000000, 0x00000000c3000000| Untracked 
|  27|0x00000000c3100000, 0x00000000c3100000, 0x00000000c3200000|  0%| F|  |TAMS 0x00000000c3100000, 0x00000000c3100000| Untracked 
|  28|0x00000000c3200000, 0x00000000c3200000, 0x00000000c3300000|  0%| F|  |TAMS 0x00000000c3200000, 0x00000000c3200000| Untracked 
|  29|0x00000000c3300000, 0x00000000c3300000, 0x00000000c3400000|  0%| F|  |TAMS 0x00000000c3300000, 0x00000000c3300000| Untracked 
|  30|0x00000000c3400000, 0x00000000c3400000, 0x00000000c3500000|  0%| F|  |TAMS 0x00000000c3400000, 0x00000000c3400000| Untracked 
|  31|0x00000000c3500000, 0x00000000c3500000, 0x00000000c3600000|  0%| F|  |TAMS 0x00000000c3500000, 0x00000000c3500000| Untracked 
|  32|0x00000000c3600000, 0x00000000c3600000, 0x00000000c3700000|  0%| F|  |TAMS 0x00000000c3600000, 0x00000000c3600000| Untracked 
|  33|0x00000000c3700000, 0x00000000c3700000, 0x00000000c3800000|  0%| F|  |TAMS 0x00000000c3700000, 0x00000000c3700000| Untracked 
|  34|0x00000000c3800000, 0x00000000c3800000, 0x00000000c3900000|  0%| F|  |TAMS 0x00000000c3800000, 0x00000000c3800000| Untracked 
|  35|0x00000000c3900000, 0x00000000c3900000, 0x00000000c3a00000|  0%| F|  |TAMS 0x00000000c3900000, 0x00000000c3900000| Untracked 
|  36|0x00000000c3a00000, 0x00000000c3a00000, 0x00000000c3b00000|  0%| F|  |TAMS 0x00000000c3a00000, 0x00000000c3a00000| Untracked 
|  37|0x00000000c3b00000, 0x00000000c3b00000, 0x00000000c3c00000|  0%| F|  |TAMS 0x00000000c3b00000, 0x00000000c3b00000| Untracked 
|  38|0x00000000c3c00000, 0x00000000c3c00000, 0x00000000c3d00000|  0%| F|  |TAMS 0x00000000c3c00000, 0x00000000c3c00000| Untracked 
|  39|0x00000000c3d00000, 0x00000000c3d00000, 0x00000000c3e00000|  0%| F|  |TAMS 0x00000000c3d00000, 0x00000000c3d00000| Untracked 
|  40|0x00000000c3e00000, 0x00000000c3e00000, 0x00000000c3f00000|  0%| F|  |TAMS 0x00000000c3e00000, 0x00000000c3e00000| Untracked 
|  41|0x00000000c3f00000, 0x00000000c3f00000, 0x00000000c4000000|  0%| F|  |TAMS 0x00000000c3f00000, 0x00000000c3f00000| Untracked 
|  42|0x00000000c4000000, 0x00000000c4000000, 0x00000000c4100000|  0%| F|  |TAMS 0x00000000c4000000, 0x00000000c4000000| Untracked 
|  43|0x00000000c4100000, 0x00000000c4100000, 0x00000000c4200000|  0%| F|  |TAMS 0x00000000c4100000, 0x00000000c4100000| Untracked 
|  44|0x00000000c4200000, 0x00000000c4200000, 0x00000000c4300000|  0%| F|  |TAMS 0x00000000c4200000, 0x00000000c4200000| Untracked 
|  45|0x00000000c4300000, 0x00000000c4300000, 0x00000000c4400000|  0%| F|  |TAMS 0x00000000c4300000, 0x00000000c4300000| Untracked 
|  46|0x00000000c4400000, 0x00000000c4400000, 0x00000000c4500000|  0%| F|  |TAMS 0x00000000c4400000, 0x00000000c4400000| Untracked 
|  47|0x00000000c4500000, 0x00000000c4500000, 0x00000000c4600000|  0%| F|  |TAMS 0x00000000c4500000, 0x00000000c4500000| Untracked 
|  48|0x00000000c4600000, 0x00000000c4600000, 0x00000000c4700000|  0%| F|  |TAMS 0x00000000c4600000, 0x00000000c4600000| Untracked 
|  49|0x00000000c4700000, 0x00000000c4700000, 0x00000000c4800000|  0%| F|  |TAMS 0x00000000c4700000, 0x00000000c4700000| Untracked 
|  50|0x00000000c4800000, 0x00000000c48a86d0, 0x00000000c4900000| 65%| E|  |TAMS 0x00000000c4800000, 0x00000000c4800000| Complete 
|  51|0x00000000c4900000, 0x00000000c4a00000, 0x00000000c4a00000|100%| E|CS|TAMS 0x00000000c4900000, 0x00000000c4900000| Complete 
|  52|0x00000000c4a00000, 0x00000000c4b00000, 0x00000000c4b00000|100%| E|CS|TAMS 0x00000000c4a00000, 0x00000000c4a00000| Complete 
|  53|0x00000000c4b00000, 0x00000000c4bc1990, 0x00000000c4c00000| 75%| S|CS|TAMS 0x00000000c4b00000, 0x00000000c4b00000| Complete 

Card table byte_map: [0x0000020485430000,0x0000020485630000] _byte_map_base: 0x0000020484e25000

Marking Bits (Prev, Next): (CMBitMap*) 0x00000204856840e0, (CMBitMap*) 0x00000204856840a8
 Prev Bits: [0x000002049db20000, 0x000002049eac8000)
 Next Bits: [0x000002049cb70000, 0x000002049db18000)

Polling page: 0x00000204834c0000

Metaspace:

Usage:
  Non-class:     17.58 MB capacity,    17.25 MB ( 98%) used,   294.36 KB (  2%) free+waste,    47.13 KB ( <1%) overhead. 
      Class:      2.03 MB capacity,     1.85 MB ( 92%) used,   154.64 KB (  7%) free+waste,    21.06 KB (  1%) overhead. 
       Both:     19.61 MB capacity,    19.11 MB ( 97%) used,   449.00 KB (  2%) free+waste,    68.19 KB ( <1%) overhead. 

Virtual space:
  Non-class space:       18.00 MB reserved,      17.75 MB ( 99%) committed 
      Class space:        1.00 GB reserved,       2.13 MB ( <1%) committed 
             Both:        1.02 GB reserved,      19.88 MB (  2%) committed 

Chunk freelists:
   Non-Class:  13.13 KB
       Class:  8.75 KB
        Both:  21.88 KB

CodeHeap 'non-profiled nmethods': size=120064Kb used=953Kb max_used=953Kb free=119110Kb
 bounds [0x0000020495430000, 0x00000204956a0000, 0x000002049c970000]
CodeHeap 'profiled nmethods': size=120000Kb used=3909Kb max_used=3909Kb free=116090Kb
 bounds [0x000002048df00000, 0x000002048e2e0000, 0x0000020495430000]
CodeHeap 'non-nmethods': size=5696Kb used=1343Kb max_used=1375Kb free=4352Kb
 bounds [0x000002048d970000, 0x000002048dbe0000, 0x000002048df00000]
 total_blobs=3229 nmethods=1863 adapters=585
 compilation: enabled
              stopped_count=0, restarted_count=0
 full_count=0

Compilation events (10 events):
Event: 2758.537 Thread 0x00000204a1674800 2090       3       java.lang.StringUTF16::putCharSB (12 bytes)
Event: 2758.538 Thread 0x00000204a1674800 nmethod 2090 0x000002048e2d2590 code [0x000002048e2d2760, 0x000002048e2d29d0]
Event: 2758.574 Thread 0x00000204a1674800 2091       1       sun.net.DefaultProgressMeteringPolicy::shouldMeterInput (2 bytes)
Event: 2758.575 Thread 0x00000204a1674800 nmethod 2091 0x000002049551eb90 code [0x000002049551ed40, 0x000002049551ee58]
Event: 2758.580 Thread 0x00000204a1674800 2092       3       java.awt.image.ComponentSampleModel::getBufferSize (191 bytes)
Event: 2758.581 Thread 0x00000204a1674800 nmethod 2092 0x000002048e2d2b10 code [0x000002048e2d2da0, 0x000002048e2d3750]
Event: 2758.589 Thread 0x00000204a1674800 2093       3       sun.awt.image.BufImgSurfaceData::getBounds (22 bytes)
Event: 2758.590 Thread 0x00000204a1674800 nmethod 2093 0x000002048e2d3a90 code [0x000002048e2d3c80, 0x000002048e2d4158]
Event: 2759.045 Thread 0x00000204a1674800 2094       3       java.nio.CharBuffer::limit (6 bytes)
Event: 2759.046 Thread 0x00000204a1674800 nmethod 2094 0x000002048e2d4390 code [0x000002048e2d4560, 0x000002048e2d4770]

GC Heap History (10 events):
Event: 2754.766 GC heap before
{Heap before GC invocations=183 (full 16):
 garbage-first heap   total 56320K, used 15890K [0x00000000c1600000, 0x0000000100000000)
  region size 1024K, 2 young (2048K), 1 survivors (1024K)
 Metaspace       used 17659K, capacity 18130K, committed 18944K, reserved 1067008K
  class space    used 1684K, capacity 1787K, committed 2048K, reserved 1048576K
}
Event: 2754.818 GC heap after
{Heap after GC invocations=184 (full 17):
 garbage-first heap   total 55296K, used 15654K [0x00000000c1600000, 0x0000000100000000)
  region size 1024K, 0 young (0K), 0 survivors (0K)
 Metaspace       used 17659K, capacity 18130K, committed 18944K, reserved 1067008K
  class space    used 1684K, capacity 1787K, committed 2048K, reserved 1048576K
}
Event: 2757.543 GC heap before
{Heap before GC invocations=184 (full 17):
 garbage-first heap   total 55296K, used 26918K [0x00000000c1600000, 0x0000000100000000)
  region size 1024K, 4 young (4096K), 0 survivors (0K)
 Metaspace       used 19436K, capacity 19985K, committed 20352K, reserved 1067008K
  class space    used 1880K, capacity 2042K, committed 2176K, reserved 1048576K
}
Event: 2757.547 GC heap after
{Heap after GC invocations=185 (full 17):
 garbage-first heap   total 55296K, used 16392K [0x00000000c1600000, 0x0000000100000000)
  region size 1024K, 1 young (1024K), 1 survivors (1024K)
 Metaspace       used 19436K, capacity 19985K, committed 20352K, reserved 1067008K
  class space    used 1880K, capacity 2042K, committed 2176K, reserved 1048576K
}
Event: 2757.587 GC heap before
{Heap before GC invocations=186 (full 17):
 garbage-first heap   total 55296K, used 14344K [0x00000000c1600000, 0x0000000100000000)
  region size 1024K, 1 young (1024K), 1 survivors (1024K)
 Metaspace       used 19436K, capacity 19985K, committed 20352K, reserved 1067008K
  class space    used 1880K, capacity 2042K, committed 2176K, reserved 1048576K
}
Event: 2757.591 GC heap after
{Heap after GC invocations=187 (full 17):
 garbage-first heap   total 55296K, used 14358K [0x00000000c1600000, 0x0000000100000000)
  region size 1024K, 1 young (1024K), 1 survivors (1024K)
 Metaspace       used 19436K, capacity 19985K, committed 20352K, reserved 1067008K
  class space    used 1880K, capacity 2042K, committed 2176K, reserved 1048576K
}
Event: 2757.880 GC heap before
{Heap before GC invocations=188 (full 17):
 garbage-first heap   total 55296K, used 24598K [0x00000000c1600000, 0x0000000100000000)
  region size 1024K, 2 young (2048K), 1 survivors (1024K)
 Metaspace       used 19453K, capacity 20049K, committed 20352K, reserved 1067008K
  class space    used 1881K, capacity 2042K, committed 2176K, reserved 1048576K
}
Event: 2757.884 GC heap after
{Heap after GC invocations=189 (full 17):
 garbage-first heap   total 55296K, used 14380K [0x00000000c1600000, 0x0000000100000000)
  region size 1024K, 1 young (1024K), 1 survivors (1024K)
 Metaspace       used 19453K, capacity 20049K, committed 20352K, reserved 1067008K
  class space    used 1881K, capacity 2042K, committed 2176K, reserved 1048576K
}
Event: 2757.924 GC heap before
{Heap before GC invocations=190 (full 17):
 garbage-first heap   total 55296K, used 14380K [0x00000000c1600000, 0x0000000100000000)
  region size 1024K, 1 young (1024K), 1 survivors (1024K)
 Metaspace       used 19453K, capacity 20049K, committed 20352K, reserved 1067008K
  class space    used 1881K, capacity 2042K, committed 2176K, reserved 1048576K
}
Event: 2757.929 GC heap after
{Heap after GC invocations=191 (full 17):
 garbage-first heap   total 55296K, used 14381K [0x00000000c1600000, 0x0000000100000000)
  region size 1024K, 1 young (1024K), 1 survivors (1024K)
 Metaspace       used 19453K, capacity 20049K, committed 20352K, reserved 1067008K
  class space    used 1881K, capacity 2042K, committed 2176K, reserved 1048576K
}

Deoptimization events (10 events):
Event: 27.849 Thread 0x00000204aad5b800 Uncommon trap: reason=speculate_null_assert action=make_not_entrant pc=0x00000204954994c0 method=jdk.internal.loader.URLClassPath.getLoader(I)Ljdk/internal/loader/URLClassPath$Loader; @ 41 c2
Event: 27.850 Thread 0x00000204aad5b800 Uncommon trap: reason=unstable_if action=reinterpret pc=0x000002049549eb78 method=jdk.internal.loader.URLClassPath$JarLoader.ensureOpen()V @ 4 c2
Event: 27.851 Thread 0x00000204aad5b800 Uncommon trap: reason=unstable_if action=reinterpret pc=0x0000020495499f98 method=java.util.jar.JarFile.checkForSpecialAttributes()V @ 4 c2
Event: 27.857 Thread 0x00000204aad5b800 Uncommon trap: reason=unstable_if action=reinterpret pc=0x000002049549a278 method=java.util.jar.JarFile.checkForSpecialAttributes()V @ 4 c2
Event: 110.088 Thread 0x00000204aad5b800 Uncommon trap: reason=unstable_if action=reinterpret pc=0x00000204954e46ac method=greenfoot.vmcomm.VMCommsSimulation.doInterVMComms()V @ 357 c2
Event: 260.478 Thread 0x00000204aad5b800 Uncommon trap: reason=range_check action=make_not_entrant pc=0x00000204954a545c method=greenfoot.vmcomm.VMCommsSimulation.readCommands([Ljava/lang/String;)I @ 55 c2
Event: 2755.817 Thread 0x00000204aad5b800 Uncommon trap: reason=unstable_if action=reinterpret pc=0x00000204954c0364 method=greenfoot.vmcomm.VMCommsSimulation.readCommands([Ljava/lang/String;)I @ 346 c2
Event: 2756.507 Thread 0x00000204aad5a000 Uncommon trap: reason=intrinsic_or_type_checked_inlining action=make_not_entrant pc=0x0000020495502830 method=java.util.Arrays.copyOf([Ljava/lang/Object;ILjava/lang/Class;)[Ljava/lang/Object; @ 35 c2
Event: 2756.657 Thread 0x00000204aad5a000 Uncommon trap: reason=unstable_if action=reinterpret pc=0x000002049546a560 method=java.nio.channels.spi.AbstractInterruptibleChannel.begin()V @ 4 c2
Event: 2757.232 Thread 0x00000204aad5a000 Uncommon trap: reason=bimorphic_or_optimized_type_check action=maybe_recompile pc=0x0000020495477f20 method=java.util.concurrent.ConcurrentHashMap.get(Ljava/lang/Object;)Ljava/lang/Object; @ 149 c2

Classes redefined (0 events):
No events

Internal exceptions (10 events):
Event: 482.952 Thread 0x00000204aad5b800 Exception <a 'java/security/PrivilegedActionException'{0x00000000c3e817c0}> (0x00000000c3e817c0) thrown at [t:/workspace/open/src/hotspot/share/prims/jvm.cpp, line 1307]
Event: 597.574 Thread 0x00000204aad5b800 Exception <a 'java/security/PrivilegedActionException'{0x00000000c423bf40}> (0x00000000c423bf40) thrown at [t:/workspace/open/src/hotspot/share/prims/jvm.cpp, line 1307]
Event: 597.574 Thread 0x00000204aad5b800 Exception <a 'java/security/PrivilegedActionException'{0x00000000c423c210}> (0x00000000c423c210) thrown at [t:/workspace/open/src/hotspot/share/prims/jvm.cpp, line 1307]
Event: 680.283 Thread 0x00000204aad5b800 Exception <a 'java/security/PrivilegedActionException'{0x00000000c5a94fa8}> (0x00000000c5a94fa8) thrown at [t:/workspace/open/src/hotspot/share/prims/jvm.cpp, line 1307]
Event: 680.283 Thread 0x00000204aad5b800 Exception <a 'java/security/PrivilegedActionException'{0x00000000c5a95278}> (0x00000000c5a95278) thrown at [t:/workspace/open/src/hotspot/share/prims/jvm.cpp, line 1307]
Event: 1504.787 Thread 0x00000204aad5b800 Exception <a 'java/security/PrivilegedActionException'{0x00000000c3f793a8}> (0x00000000c3f793a8) thrown at [t:/workspace/open/src/hotspot/share/prims/jvm.cpp, line 1307]
Event: 1504.787 Thread 0x00000204aad5b800 Exception <a 'java/security/PrivilegedActionException'{0x00000000c3f79678}> (0x00000000c3f79678) thrown at [t:/workspace/open/src/hotspot/share/prims/jvm.cpp, line 1307]
Event: 2753.452 Thread 0x00000204aad5b800 Exception <a 'java/security/PrivilegedActionException'{0x00000000c3aa5298}> (0x00000000c3aa5298) thrown at [t:/workspace/open/src/hotspot/share/prims/jvm.cpp, line 1307]
Event: 2753.452 Thread 0x00000204aad5b800 Exception <a 'java/security/PrivilegedActionException'{0x00000000c3aa5568}> (0x00000000c3aa5568) thrown at [t:/workspace/open/src/hotspot/share/prims/jvm.cpp, line 1307]
Event: 2756.241 Thread 0x00000204aad5a000 Exception <a 'java/lang/NoSuchMethodError'{0x00000000c4bd4730}: java.lang.invoke.DelegatingMethodHandle$Holder.reinvoke_L(Ljava/lang/Object;IILjava/lang/Object;Ljava/lang/Object;Ljava/lang/Object;)Ljava/lang/Object;> (0x00000000c4bd4730) thrown at [t:/wor

Events (10 events):
Event: 2758.476 Thread 0x00000204aad5a000 DEOPT PACKING pc=0x000002048e0a518c sp=0x00000032559fc710
Event: 2758.476 Thread 0x00000204aad5a000 DEOPT UNPACKING pc=0x000002048d9ac83f sp=0x00000032559fbbc0 mode 1
Event: 2758.479 loading class NoElementInTheInventoryException
Event: 2758.479 loading class NoElementInTheInventoryException done
Event: 2758.479 Thread 0x00000204aad5a000 DEOPT PACKING pc=0x000002048e0a518c sp=0x00000032559fcd60
Event: 2758.479 Thread 0x00000204aad5a000 DEOPT UNPACKING pc=0x000002048d9ac83f sp=0x00000032559fc210 mode 1
Event: 2758.591 loading class java/lang/Throwable$WrappedPrintStream
Event: 2758.592 loading class java/lang/Throwable$PrintStreamOrWriter
Event: 2758.592 loading class java/lang/Throwable$PrintStreamOrWriter done
Event: 2758.592 loading class java/lang/Throwable$WrappedPrintStream done


Dynamic libraries:
0x00007ff6e39f0000 - 0x00007ff6e3a35000 	D:\Greenfoot-windows-361\Greenfoot\jdk\bin\java.exe
0x00007ffcb71e0000 - 0x00007ffcb73d0000 	C:\WINDOWS\SYSTEM32\ntdll.dll
0x00007ffcb67d0000 - 0x00007ffcb6882000 	C:\WINDOWS\System32\KERNEL32.DLL
0x00007ffcb4170000 - 0x00007ffcb4415000 	C:\WINDOWS\System32\KERNELBASE.dll
0x00007ffcb5bf0000 - 0x00007ffcb5d84000 	C:\WINDOWS\System32\USER32.dll
0x00007ffcb51e0000 - 0x00007ffcb5201000 	C:\WINDOWS\System32\win32u.dll
0x00007ffcb6610000 - 0x00007ffcb6636000 	C:\WINDOWS\System32\GDI32.dll
0x00007ffcb4bd0000 - 0x00007ffcb4d66000 	C:\WINDOWS\System32\gdi32full.dll
0x00007ffcb5040000 - 0x00007ffcb50de000 	C:\WINDOWS\System32\msvcp_win.dll
0x00007ffcb50e0000 - 0x00007ffcb51da000 	C:\WINDOWS\System32\ucrtbase.dll
0x00007ffc9dbd0000 - 0x00007ffc9de54000 	C:\WINDOWS\WinSxS\amd64_microsoft.windows.common-controls_6595b64144ccf1df_6.0.18362.1139_none_9e7bf2d3e4605ac6\COMCTL32.dll
0x00007ffcb5a40000 - 0x00007ffcb5ade000 	C:\WINDOWS\System32\msvcrt.dll
0x00007ffcb6de0000 - 0x00007ffcb7115000 	C:\WINDOWS\System32\combase.dll
0x00007ffcb6af0000 - 0x00007ffcb6c10000 	C:\WINDOWS\System32\RPCRT4.dll
0x00007ffcb5210000 - 0x00007ffcb5290000 	C:\WINDOWS\System32\bcryptPrimitives.dll
0x00007ffcb6890000 - 0x00007ffcb68be000 	C:\WINDOWS\System32\IMM32.DLL
0x00007ffca58b0000 - 0x00007ffca58c6000 	D:\Greenfoot-windows-361\Greenfoot\jdk\bin\vcruntime140.dll
0x00007ffc8d980000 - 0x00007ffc8da2a000 	D:\Greenfoot-windows-361\Greenfoot\jdk\bin\msvcp140.dll
0x00007ffc6c190000 - 0x00007ffc6ccb3000 	D:\Greenfoot-windows-361\Greenfoot\jdk\bin\server\jvm.dll
0x00007ffcb5b40000 - 0x00007ffcb5be3000 	C:\WINDOWS\System32\ADVAPI32.dll
0x00007ffcb5360000 - 0x00007ffcb53f7000 	C:\WINDOWS\System32\sechost.dll
0x00007ffcb5d90000 - 0x00007ffcb5d98000 	C:\WINDOWS\System32\PSAPI.DLL
0x00007ffca7fc0000 - 0x00007ffca7fc9000 	C:\WINDOWS\SYSTEM32\WSOCK32.dll
0x00007ffcb7130000 - 0x00007ffcb719f000 	C:\WINDOWS\System32\WS2_32.dll
0x00007ffcb19e0000 - 0x00007ffcb1a04000 	C:\WINDOWS\SYSTEM32\WINMM.dll
0x00007ffca8310000 - 0x00007ffca831a000 	C:\WINDOWS\SYSTEM32\VERSION.dll
0x00007ffcb1770000 - 0x00007ffcb179d000 	C:\WINDOWS\SYSTEM32\WINMMBASE.dll
0x00007ffcb4e20000 - 0x00007ffcb4e6a000 	C:\WINDOWS\System32\cfgmgr32.dll
0x00007ffcb40b0000 - 0x00007ffcb40c1000 	C:\WINDOWS\System32\kernel.appcore.dll
0x00007ffca3850000 - 0x00007ffca3861000 	D:\Greenfoot-windows-361\Greenfoot\jdk\bin\verify.dll
0x00007ffcb29f0000 - 0x00007ffcb2be4000 	C:\WINDOWS\SYSTEM32\DBGHELP.DLL
0x00007ffc99920000 - 0x00007ffc9994a000 	C:\WINDOWS\SYSTEM32\dbgcore.DLL
0x00007ffc9ffa0000 - 0x00007ffc9ffc8000 	D:\Greenfoot-windows-361\Greenfoot\jdk\bin\java.dll
0x00007ffc99660000 - 0x00007ffc99697000 	D:\Greenfoot-windows-361\Greenfoot\jdk\bin\jdwp.dll
0x00007ffca3830000 - 0x00007ffca3846000 	D:\Greenfoot-windows-361\Greenfoot\jdk\bin\zip.dll
0x00007ffca7480000 - 0x00007ffca748a000 	D:\Greenfoot-windows-361\Greenfoot\jdk\bin\jimage.dll
0x00007ffcb5f20000 - 0x00007ffcb6607000 	C:\WINDOWS\System32\SHELL32.dll
0x00007ffcb5e70000 - 0x00007ffcb5f19000 	C:\WINDOWS\System32\shcore.dll
0x00007ffcb4450000 - 0x00007ffcb4bd0000 	C:\WINDOWS\System32\windows.storage.dll
0x00007ffcb4140000 - 0x00007ffcb4163000 	C:\WINDOWS\System32\profapi.dll
0x00007ffcb40f0000 - 0x00007ffcb413a000 	C:\WINDOWS\System32\powrprof.dll
0x00007ffcb40a0000 - 0x00007ffcb40b0000 	C:\WINDOWS\System32\UMPDC.dll
0x00007ffcb5880000 - 0x00007ffcb58d2000 	C:\WINDOWS\System32\shlwapi.dll
0x00007ffcb5020000 - 0x00007ffcb5037000 	C:\WINDOWS\System32\cryptsp.dll
0x00007ffcb1860000 - 0x00007ffcb186a000 	D:\Greenfoot-windows-361\Greenfoot\jdk\bin\dt_socket.dll
0x00007ffcb3890000 - 0x00007ffcb38f7000 	C:\WINDOWS\system32\mswsock.dll
0x00007ffc9ff80000 - 0x00007ffc9ff99000 	D:\Greenfoot-windows-361\greenfoot\jdk\bin\net.dll
0x00007ffca8e40000 - 0x00007ffca9016000 	C:\WINDOWS\SYSTEM32\urlmon.dll
0x00007ffca89c0000 - 0x00007ffca8c67000 	C:\WINDOWS\SYSTEM32\iertutil.dll
0x00007ffca72b0000 - 0x00007ffca73a0000 	C:\WINDOWS\SYSTEM32\WINHTTP.dll
0x00007ffcb3a60000 - 0x00007ffcb3a6c000 	C:\WINDOWS\SYSTEM32\CRYPTBASE.DLL
0x00007ffc9ff60000 - 0x00007ffc9ff73000 	D:\Greenfoot-windows-361\greenfoot\jdk\bin\nio.dll
0x00007ffc8ba30000 - 0x00007ffc8bbce000 	D:\Greenfoot-windows-361\greenfoot\jdk\bin\awt.dll
0x00007ffcb5da0000 - 0x00007ffcb5e65000 	C:\WINDOWS\System32\OLEAUT32.dll
0x00007ffcb0260000 - 0x00007ffcb0820000 	C:\WINDOWS\SYSTEM32\d2d1.dll
0x00007ffcb1870000 - 0x00007ffcb18ff000 	C:\WINDOWS\SYSTEM32\apphelp.dll
0x00007ffcb1900000 - 0x00007ffcb1999000 	C:\WINDOWS\system32\uxtheme.dll
0x00007ffcb58e0000 - 0x00007ffcb5a15000 	C:\WINDOWS\System32\MSCTF.dll
0x00007ffcb6c10000 - 0x00007ffcb6d67000 	C:\WINDOWS\System32\ole32.dll
0x00007ffcb1cf0000 - 0x00007ffcb1d1d000 	C:\WINDOWS\system32\DWMAPI.DLL
0x00007ffc993e0000 - 0x00007ffc99536000 	C:\WINDOWS\system32\opengl32.dll
0x00007ffca3750000 - 0x00007ffca377c000 	C:\WINDOWS\SYSTEM32\GLU32.dll
0x00007ffcb2cf0000 - 0x00007ffcb2d10000 	C:\WINDOWS\SYSTEM32\dxcore.dll
0x00007ffcb3400000 - 0x00007ffcb3433000 	C:\WINDOWS\system32\rsaenh.dll
0x00007ffcb4420000 - 0x00007ffcb4446000 	C:\WINDOWS\System32\bcrypt.dll
0x00007ffcb3fc0000 - 0x00007ffcb3fe5000 	C:\WINDOWS\SYSTEM32\USERENV.dll
0x00007ffcb35a0000 - 0x00007ffcb35da000 	C:\WINDOWS\SYSTEM32\IPHLPAPI.DLL
0x00007ffcb7120000 - 0x00007ffcb7128000 	C:\WINDOWS\System32\NSI.dll
0x00007ffca87e0000 - 0x00007ffca87f6000 	C:\WINDOWS\SYSTEM32\dhcpcsvc6.DLL
0x00007ffca96c0000 - 0x00007ffca96dc000 	C:\WINDOWS\SYSTEM32\dhcpcsvc.DLL
0x00007ffcb35e0000 - 0x00007ffcb36ab000 	C:\WINDOWS\SYSTEM32\DNSAPI.dll
0x0000020483570000 - 0x0000020483573000 	D:\Greenfoot-windows-361\greenfoot\lib\javafx\bin\api-ms-win-core-console-l1-1-0.dll
0x00000204ac2c0000 - 0x00000204ac2c3000 	D:\Greenfoot-windows-361\greenfoot\lib\javafx\bin\api-ms-win-core-datetime-l1-1-0.dll
0x00000204ac2d0000 - 0x00000204ac2d3000 	D:\Greenfoot-windows-361\greenfoot\lib\javafx\bin\api-ms-win-core-debug-l1-1-0.dll
0x00000204ac2e0000 - 0x00000204ac2e3000 	D:\Greenfoot-windows-361\greenfoot\lib\javafx\bin\api-ms-win-core-errorhandling-l1-1-0.dll
0x00000204ac2f0000 - 0x00000204ac2f4000 	D:\Greenfoot-windows-361\greenfoot\lib\javafx\bin\api-ms-win-core-file-l1-1-0.dll
0x00000204ac300000 - 0x00000204ac303000 	D:\Greenfoot-windows-361\greenfoot\lib\javafx\bin\api-ms-win-core-file-l1-2-0.dll
0x00000204ac310000 - 0x00000204ac313000 	D:\Greenfoot-windows-361\greenfoot\lib\javafx\bin\api-ms-win-core-file-l2-1-0.dll
0x00000204ac320000 - 0x00000204ac323000 	D:\Greenfoot-windows-361\greenfoot\lib\javafx\bin\api-ms-win-core-handle-l1-1-0.dll
0x00000204ac330000 - 0x00000204ac333000 	D:\Greenfoot-windows-361\greenfoot\lib\javafx\bin\api-ms-win-core-heap-l1-1-0.dll
0x00000204ac340000 - 0x00000204ac343000 	D:\Greenfoot-windows-361\greenfoot\lib\javafx\bin\api-ms-win-core-interlocked-l1-1-0.dll
0x00000204ac350000 - 0x00000204ac353000 	D:\Greenfoot-windows-361\greenfoot\lib\javafx\bin\api-ms-win-core-libraryloader-l1-1-0.dll
0x00000204ac360000 - 0x00000204ac363000 	D:\Greenfoot-windows-361\greenfoot\lib\javafx\bin\api-ms-win-core-localization-l1-2-0.dll
0x00000204ac370000 - 0x00000204ac373000 	D:\Greenfoot-windows-361\greenfoot\lib\javafx\bin\api-ms-win-core-memory-l1-1-0.dll
0x00000204ac380000 - 0x00000204ac383000 	D:\Greenfoot-windows-361\greenfoot\lib\javafx\bin\api-ms-win-core-namedpipe-l1-1-0.dll
0x00000204ac390000 - 0x00000204ac393000 	D:\Greenfoot-windows-361\greenfoot\lib\javafx\bin\api-ms-win-core-processenvironment-l1-1-0.dll
0x00000204ac3a0000 - 0x00000204ac3a3000 	D:\Greenfoot-windows-361\greenfoot\lib\javafx\bin\api-ms-win-core-processthreads-l1-1-0.dll
0x00000204ac3b0000 - 0x00000204ac3b3000 	D:\Greenfoot-windows-361\greenfoot\lib\javafx\bin\api-ms-win-core-processthreads-l1-1-1.dll
0x00000204ac3c0000 - 0x00000204ac3c3000 	D:\Greenfoot-windows-361\greenfoot\lib\javafx\bin\api-ms-win-core-profile-l1-1-0.dll
0x00000204ac3d0000 - 0x00000204ac3d3000 	D:\Greenfoot-windows-361\greenfoot\lib\javafx\bin\api-ms-win-core-rtlsupport-l1-1-0.dll
0x00000204ac3e0000 - 0x00000204ac3e3000 	D:\Greenfoot-windows-361\greenfoot\lib\javafx\bin\api-ms-win-core-string-l1-1-0.dll
0x00000204ac3f0000 - 0x00000204ac3f3000 	D:\Greenfoot-windows-361\greenfoot\lib\javafx\bin\api-ms-win-core-synch-l1-1-0.dll
0x00000204ac400000 - 0x00000204ac403000 	D:\Greenfoot-windows-361\greenfoot\lib\javafx\bin\api-ms-win-core-synch-l1-2-0.dll
0x00000204ac410000 - 0x00000204ac413000 	D:\Greenfoot-windows-361\greenfoot\lib\javafx\bin\api-ms-win-core-sysinfo-l1-1-0.dll
0x00000204ac420000 - 0x00000204ac423000 	D:\Greenfoot-windows-361\greenfoot\lib\javafx\bin\api-ms-win-core-timezone-l1-1-0.dll
0x00000204ac430000 - 0x00000204ac433000 	D:\Greenfoot-windows-361\greenfoot\lib\javafx\bin\api-ms-win-core-util-l1-1-0.dll
0x00000204ac440000 - 0x00000204ac443000 	D:\Greenfoot-windows-361\greenfoot\lib\javafx\bin\api-ms-win-crt-conio-l1-1-0.dll
0x00000204ac450000 - 0x00000204ac454000 	D:\Greenfoot-windows-361\greenfoot\lib\javafx\bin\api-ms-win-crt-convert-l1-1-0.dll
0x00000204ac460000 - 0x00000204ac463000 	D:\Greenfoot-windows-361\greenfoot\lib\javafx\bin\api-ms-win-crt-environment-l1-1-0.dll
0x00000204ac470000 - 0x00000204ac473000 	D:\Greenfoot-windows-361\greenfoot\lib\javafx\bin\api-ms-win-crt-filesystem-l1-1-0.dll
0x00000204ac480000 - 0x00000204ac483000 	D:\Greenfoot-windows-361\greenfoot\lib\javafx\bin\api-ms-win-crt-heap-l1-1-0.dll
0x00000204ac490000 - 0x00000204ac493000 	D:\Greenfoot-windows-361\greenfoot\lib\javafx\bin\api-ms-win-crt-locale-l1-1-0.dll
0x00000204ac4a0000 - 0x00000204ac4a5000 	D:\Greenfoot-windows-361\greenfoot\lib\javafx\bin\api-ms-win-crt-math-l1-1-0.dll
0x00000204ac4b0000 - 0x00000204ac4b5000 	D:\Greenfoot-windows-361\greenfoot\lib\javafx\bin\api-ms-win-crt-multibyte-l1-1-0.dll
0x00000204ac4c0000 - 0x00000204ac4d0000 	D:\Greenfoot-windows-361\greenfoot\lib\javafx\bin\api-ms-win-crt-private-l1-1-0.dll
0x00000204ac4d0000 - 0x00000204ac4d3000 	D:\Greenfoot-windows-361\greenfoot\lib\javafx\bin\api-ms-win-crt-process-l1-1-0.dll
0x00000204ac4e0000 - 0x00000204ac4e4000 	D:\Greenfoot-windows-361\greenfoot\lib\javafx\bin\api-ms-win-crt-runtime-l1-1-0.dll
0x00000204ac4f0000 - 0x00000204ac4f4000 	D:\Greenfoot-windows-361\greenfoot\lib\javafx\bin\api-ms-win-crt-stdio-l1-1-0.dll
0x00000204ac500000 - 0x00000204ac504000 	D:\Greenfoot-windows-361\greenfoot\lib\javafx\bin\api-ms-win-crt-string-l1-1-0.dll
0x00000204ac510000 - 0x00000204ac513000 	D:\Greenfoot-windows-361\greenfoot\lib\javafx\bin\api-ms-win-crt-time-l1-1-0.dll
0x00000204ac520000 - 0x00000204ac523000 	D:\Greenfoot-windows-361\greenfoot\lib\javafx\bin\api-ms-win-crt-utility-l1-1-0.dll
0x00007ffc9ee80000 - 0x00007ffc9ef7a000 	D:\Greenfoot-windows-361\greenfoot\lib\javafx\bin\ucrtbase.dll
0x00007ffc9f500000 - 0x00007ffc9f516000 	D:\Greenfoot-windows-361\greenfoot\lib\javafx\bin\vcruntime140.dll
0x00007ffc9edd0000 - 0x00007ffc9ee76000 	D:\Greenfoot-windows-361\greenfoot\lib\javafx\bin\msvcp140.dll
0x00007ffc9ed70000 - 0x00007ffc9edc1000 	D:\Greenfoot-windows-361\greenfoot\lib\javafx\bin\concrt140.dll
0x00007ffc9f4d0000 - 0x00007ffc9f4f3000 	D:\Greenfoot-windows-361\greenfoot\lib\javafx\bin\prism_d3d.dll
0x00007ffc9eba0000 - 0x00007ffc9ed67000 	C:\WINDOWS\system32\d3d9.dll
0x00007ffc69c50000 - 0x00007ffc6c18e000 	C:\WINDOWS\SYSTEM32\igdumdim64.dll
0x00007ffcb5400000 - 0x00007ffcb5870000 	C:\WINDOWS\System32\SETUPAPI.dll
0x00007ffc9eb50000 - 0x00007ffc9eb95000 	D:\Greenfoot-windows-361\greenfoot\lib\javafx\bin\glass.dll
0x00007ffcb5290000 - 0x00007ffcb5360000 	C:\WINDOWS\System32\COMDLG32.dll
0x00007ffcaa9c0000 - 0x00007ffcab3ff000 	C:\WINDOWS\SYSTEM32\igdusc64.dll
0x00007ffc9ef90000 - 0x00007ffc9efa2000 	D:\Greenfoot-windows-361\greenfoot\jdk\bin\jsound.dll
0x00007ffc80200000 - 0x00007ffc80299000 	C:\WINDOWS\SYSTEM32\DSOUND.dll
0x00007ffcb6640000 - 0x00007ffcb66e2000 	C:\WINDOWS\System32\clbcatq.dll
0x00007ffca96e0000 - 0x00007ffca9752000 	C:\WINDOWS\System32\MMDevApi.dll
0x00007ffcb3e30000 - 0x00007ffcb3e5a000 	C:\WINDOWS\System32\DEVOBJ.dll
0x00007ffca0110000 - 0x00007ffca0154000 	C:\WINDOWS\SYSTEM32\wdmaud.drv

dbghelp: loaded successfully - version: 4.0.5 - missing functions: none
symbol engine: initialized successfully - sym options: 0x614 - pdb path: .;D:\Greenfoot-windows-361\Greenfoot\jdk\bin;C:\WINDOWS\SYSTEM32;C:\WINDOWS\WinSxS\amd64_microsoft.windows.common-controls_6595b64144ccf1df_6.0.18362.1139_none_9e7bf2d3e4605ac6;D:\Greenfoot-windows-361\Greenfoot\jdk\bin\server;D:\Greenfoot-windows-361\greenfoot\lib\javafx\bin

VM Arguments:
jvm_args: -XX:MaxGCPauseMillis=50 -agentlib:jdwp=transport=dt_socket,address=127.0.0.1:51001 -Dfile.encoding=UTF-8 
java_command: bluej.runtime.ExecServer UTF-8
java_class_path (initial): D:\Greenfoot-windows-361\greenfoot\lib\extensions\greenfoot.jar;D:\Greenfoot-windows-361\greenfoot\lib\bluejcore.jar;D:\Greenfoot-windows-361\greenfoot\lib\bluejeditor.jar;D:\Greenfoot-windows-361\greenfoot\lib\bluejext.jar;D:\Greenfoot-windows-361\greenfoot\lib\junit-4.11.jar;D:\Greenfoot-windows-361\greenfoot\lib\hamcrest-core-1.3.jar;D:\Greenfoot-windows-361\greenfoot\lib\bluej.jar;D:\Greenfoot-windows-361\greenfoot\lib\classgraph-4.2.6.jar;D:\Greenfoot-windows-361\greenfoot\lib\diffutils-1.2.1.jar;D:\Greenfoot-windows-361\greenfoot\lib\commons-logging-api-1.1.2.jar;D:\Greenfoot-windows-361\greenfoot\lib\jl1.0.1.jar;D:\Greenfoot-windows-361\greenfoot\lib\opencsv-2.3.jar;D:\Greenfoot-windows-361\greenfoot\lib\xom-1.2.9.jar;D:\Greenfoot-windows-361\greenfoot\lib\lang-stride.jar;D:\Greenfoot-windows-361\greenfoot\lib\nsmenufx-2.1.4.jar;D:\Greenfoot-windows-361\greenfoot\lib\richtextfx-fat-0.9.0.jar;D:\Greenfoot-windows-361\greenfoot\lib\guava-17.0.jar;D:\Greenfoot-windows-361\greenfoot\lib\httpclient-4.1.1.jar;D:\Greenfoot-windows-361\greenfoot\lib\httpcore-4.1.jar;D:\Greenfoot-windows-361\greenfoot\lib\httpmime-4.1.1.jar;D:\Greenfoot-windows-361\greenfoot\lib\javafx\lib\javafx.base.jar;D:\Greenfoot-windows-361\greenfoot\lib\javafx\lib\javafx.controls.jar;D:\Greenfoot-windows-361\greenfoot\lib\javafx\lib\javafx.fxml.jar;D:\Greenfoot-windows-361\greenfoot\lib\javafx\lib\javafx.graphics.jar;D:\Greenfoot-windows-361\greenfoot\lib\javafx\lib\javafx.media.jar;D:\Greenfoot-windows-361\greenfoot\lib\javafx\lib\javafx.properties.jar;D:\Greenfoot-windows-361\greenfoot\lib\javafx\lib\javafx.swing.jar;D:\Greenfoot-windows-361\greenfoot\lib\javafx\lib\javafx.web.jar;D:\Greenfoot-windows-361\greenfoot\lib\javafx\lib\javafx.base.jar;D:\Greenfoot-windows-361\greenfoot\lib\javafx\lib\javafx.controls.jar;D:\Greenfoot-windows-361\greenfoot\lib\javafx\lib\javafx.fxml.jar;D:\Greenfoot-windows-361\greenfoot\lib\javafx\lib\javafx.graphics.jar;D:\Greenfoot-win
Launcher Type: SUN_STANDARD

[Global flags]
     intx CICompilerCount                          = 2                                         {product} {ergonomic}
     uint ConcGCThreads                            = 1                                         {product} {ergonomic}
     uint G1ConcRefinementThreads                  = 2                                         {product} {ergonomic}
   size_t G1HeapRegionSize                         = 1048576                                   {product} {ergonomic}
    uintx GCDrainStackTargetSize                   = 64                                        {product} {ergonomic}
   size_t InitialHeapSize                          = 67108864                                  {product} {ergonomic}
   size_t MarkStackSize                            = 4194304                                   {product} {ergonomic}
    uintx MaxGCPauseMillis                         = 50                                        {product} {command line}
   size_t MaxHeapSize                              = 1050673152                                {product} {ergonomic}
   size_t MaxNewSize                               = 630194176                                 {product} {ergonomic}
   size_t MinHeapDeltaBytes                        = 1048576                                   {product} {ergonomic}
    uintx NonNMethodCodeHeapSize                   = 5824844                                {pd product} {ergonomic}
    uintx NonProfiledCodeHeapSize                  = 122916698                              {pd product} {ergonomic}
    uintx ProfiledCodeHeapSize                     = 122916698                              {pd product} {ergonomic}
    uintx ReservedCodeCacheSize                    = 251658240                              {pd product} {ergonomic}
     bool SegmentedCodeCache                       = true                                      {product} {ergonomic}
     bool UseCompressedClassPointers               = true                                 {lp64_product} {ergonomic}
     bool UseCompressedOops                        = true                                 {lp64_product} {ergonomic}
     bool UseG1GC                                  = true                                      {product} {ergonomic}
     bool UseLargePagesIndividualAllocation        = false                                  {pd product} {ergonomic}

Logging:
Log output configuration:
 #0: stdout all=warning uptime,level,tags
 #1: stderr all=off uptime,level,tags

Environment Variables:
JAVA_HOME=C:\Program Files\Java\jdk-14.0.2
PATH=C:\WINDOWS\system32;C:\WINDOWS;C:\WINDOWS\System32\Wbem;C:\WINDOWS\System32\WindowsPowerShell\v1.0\;C:\WINDOWS\System32\OpenSSH\;C:\Program Files\Git\cmd;C:\maven\apache-maven-3.6.3\bin;C:\Users\iFelix\AppData\Local\Microsoft\WindowsApps;
USERNAME=iFelix
OS=Windows_NT
PROCESSOR_IDENTIFIER=Intel64 Family 6 Model 76 Stepping 4, GenuineIntel



---------------  S Y S T E M  ---------------

OS: Windows 10 , 64 bit Build 18362 (10.0.18362.1110)

CPU:total 2 (initial active 2) (2 cores per cpu, 1 threads per core) family 6 model 76 stepping 4, cmov, cx8, fxsr, mmx, sse, sse2, sse3, ssse3, sse4.1, sse4.2, popcnt, aes, clmul, erms, 3dnowpref, tsc, tscinvbit

Memory: 4k page, system-wide physical 4001M (637M free)
TotalPageFile size 5242M (AvailPageFile size 3M)
current process WorkingSet (physical memory assigned to process): 162M, peak: 162M
current process commit charge ("private bytes"): 204M, peak: 204M

vm_info: OpenJDK 64-Bit Server VM (11.0.2+9) for windows-amd64 JRE (11.0.2+9), built on Jan 18 2019 05:23:22 by "mach5one" with MS VC++ 15.5 (VS2017)

END.
