#
# There is insufficient memory for the Java Runtime Environment to continue.
# Native memory allocation (malloc) failed to allocate 1048576 bytes for AllocateHeap
# Possible reasons:
#   The system is out of physical RAM or swap space
#   The process is running with CompressedOops enabled, and the Java Heap may be blocking the growth of the native heap
# Possible solutions:
#   Reduce memory load on the system
#   Increase physical memory or swap space
#   Check if swap backing store is full
#   Decrease Java heap size (-Xmx/-Xms)
#   Decrease number of Java threads
#   Decrease Java thread stack sizes (-Xss)
#   Set larger code cache with -XX:ReservedCodeCacheSize=
#   JVM is running with Unscaled Compressed Oops mode in which the Java heap is
#     placed in the first 4GB address space. The Java Heap base address is the
#     maximum limit for the native heap growth. Please use -XX:HeapBaseMinAddress
#     to set the Java Heap base and to place the Java Heap above 4GB virtual address.
# This output file may be truncated or incomplete.
#
#  Out of Memory Error (t:/workspace/open/src/hotspot/share/memory/allocation.cpp:46), pid=11716, tid=9040
#
# JRE version: OpenJDK Runtime Environment (11.0.2+9) (build 11.0.2+9)
# Java VM: OpenJDK 64-Bit Server VM (11.0.2+9, mixed mode, tiered, compressed oops, g1 gc, windows-amd64)
# No core dump will be written. Minidumps are not enabled by default on client versions of Windows
#

---------------  S U M M A R Y ------------

Command Line: -XX:MaxGCPauseMillis=50 -agentlib:jdwp=transport=dt_socket,address=127.0.0.1:51292 -Dfile.encoding=UTF-8 bluej.runtime.ExecServer UTF-8

Host: Intel(R) Celeron(R) CPU  N3060  @ 1.60GHz, 2 cores, 3G,  Windows 10 , 64 bit Build 18362 (10.0.18362.1110)
Time: Tue Dec 29 20:44:38 2020 Hora estándar central (México) elapsed time: 2 seconds (0d 0h 0m 2s)

---------------  T H R E A D  ---------------

Current thread (0x000002397f7fd000):  VMThread "VM Thread" [stack: 0x0000008c67f00000,0x0000008c68000000] [id=9040]

Stack: [0x0000008c67f00000,0x0000008c68000000]
[error occurred during error reporting (printing stack bounds), id 0xc0000005, EXCEPTION_ACCESS_VIOLATION (0xc0000005) at pc=0x0000023908240bbd]

Native frames: (J=compiled Java code, j=interpreted, Vv=VM code, C=native code)
V  [jvm.dll+0x63489a]
V  [jvm.dll+0x771f9f]
V  [jvm.dll+0x773648]
V  [jvm.dll+0x773c65]
V  [jvm.dll+0x773c1b]
V  [jvm.dll+0x633fa6]
V  [jvm.dll+0x634368]
C  [ntdll.dll+0xa121f]
C  [ntdll.dll+0x6a259]
C  [ntdll.dll+0x9fe8e]
C  0x0000023908240bbd

VM_Operation (0x0000008c693fa1a0): CollectForMetadataAllocation, mode: safepoint, requested by thread 0x000002391fee0000


---------------  P R O C E S S  ---------------

Threads class SMR info:
_java_thread_list=0x000002391feb2ee0, length=18, elements={
0x000002397f822800, 0x000002397f826000, 0x000002397f88d800, 0x000002397f88f800,
0x000002397f892800, 0x000002397f8a8000, 0x000002397fa19000, 0x000002397fb1b800,
0x000002397fb25000, 0x000002397fb27000, 0x000002397fb39800, 0x000002397fb4b000,
0x000002391fd61800, 0x000002391fda7000, 0x000002391fed5000, 0x000002391fee0000,
0x000002397b234800, 0x000002397fb47800
}

Java Threads: ( => current thread )
  0x000002397f822800 JavaThread "Reference Handler" daemon [_thread_blocked, id=8836, stack(0x0000008c68000000,0x0000008c68100000)]
  0x000002397f826000 JavaThread "Finalizer" daemon [_thread_blocked, id=1100, stack(0x0000008c68100000,0x0000008c68200000)]
  0x000002397f88d800 JavaThread "Signal Dispatcher" daemon [_thread_blocked, id=7476, stack(0x0000008c68200000,0x0000008c68300000)]
  0x000002397f88f800 JavaThread "Attach Listener" daemon [_thread_blocked, id=11464, stack(0x0000008c68300000,0x0000008c68400000)]
  0x000002397f892800 JavaThread "C2 CompilerThread0" daemon [_thread_blocked, id=7820, stack(0x0000008c68400000,0x0000008c68500000)]
  0x000002397f8a8000 JavaThread "C1 CompilerThread0" daemon [_thread_blocked, id=7936, stack(0x0000008c68500000,0x0000008c68600000)]
  0x000002397fa19000 JavaThread "Sweeper thread" daemon [_thread_blocked, id=4056, stack(0x0000008c68600000,0x0000008c68700000)]
  0x000002397fb1b800 JavaThread "JDWP Transport Listener: dt_socket" daemon [_thread_blocked, id=11428, stack(0x0000008c68700000,0x0000008c68800000)]
  0x000002397fb25000 JavaThread "JDWP Event Helper Thread" daemon [_thread_blocked, id=10968, stack(0x0000008c68800000,0x0000008c68900000)]
  0x000002397fb27000 JavaThread "JDWP Command Reader" daemon [_thread_in_native, id=9492, stack(0x0000008c68900000,0x0000008c68a00000)]
  0x000002397fb39800 JavaThread "Service Thread" daemon [_thread_blocked, id=11256, stack(0x0000008c68a00000,0x0000008c68b00000)]
  0x000002397fb4b000 JavaThread "Common-Cleaner" daemon [_thread_blocked, id=10644, stack(0x0000008c68c00000,0x0000008c68d00000)]
  0x000002391fd61800 JavaThread "Java2D Disposer" daemon [_thread_blocked, id=8208, stack(0x0000008c68f00000,0x0000008c69000000)]
  0x000002391fda7000 JavaThread "AWT-Shutdown" [_thread_blocked, id=9592, stack(0x0000008c69000000,0x0000008c69100000)]
  0x000002391fed5000 JavaThread "AWT-Windows" daemon [_thread_in_native, id=5960, stack(0x0000008c69100000,0x0000008c69200000)]
  0x000002391fee0000 JavaThread "BlueJ worker thread" [_thread_blocked, id=11984, stack(0x0000008c69300000,0x0000008c69400000)]
  0x000002397b234800 JavaThread "DestroyJavaVM" [_thread_blocked, id=2156, stack(0x0000008c67900000,0x0000008c67a00000)]
  0x000002397fb47800 JavaThread "main" [_thread_blocked, id=8436, stack(0x0000008c69400000,0x0000008c69500000)]

Other Threads:
=>0x000002397f7fd000 VMThread "VM Thread" [stack: 0x0000008c67f00000,0x0000008c68000000] [id=9040]
  0x000002397fb3a800 WatcherThread [stack: 0x0000008c68b00000,0x0000008c68c00000] [id=316]
  0x000002397b24b800 GCTaskThread "GC Thread#0" [stack: 0x0000008c67a00000,0x0000008c67b00000] [id=3248]
  0x000002391fd81800 GCTaskThread "GC Thread#1" [stack: 0x0000008c68e00000,0x0000008c68f00000] [id=11468]
  0x000002397b268800 ConcurrentGCThread "G1 Main Marker" [stack: 0x0000008c67b00000,0x0000008c67c00000] [id=1728]
  0x000002397b26a800 ConcurrentGCThread "G1 Conc#0" [stack: 0x0000008c67c00000,0x0000008c67d00000] [id=11232]
  0x000002397b2b7800 ConcurrentGCThread "G1 Refine#0" [stack: 0x0000008c67d00000,0x0000008c67e00000] [id=7184]
  0x000002397b2b8800 ConcurrentGCThread "G1 Young RemSet Sampling" [stack: 0x0000008c67e00000,0x0000008c67f00000] [id=236]

Threads with active compile tasks:
C1 CompilerThread0 554       3       java.io.WinNTFileSystem::normalize (224 bytes)

VM state:at safepoint (normal execution)

VM Mutex/Monitor currently owned by a thread:  ([mutex/lock_event])
[0x000002397b233a30] Threads_lock - owner thread: 0x000002397f7fd000
[0x000002397b233fd0] Heap_lock - owner thread: 0x000002391fee0000
[0x000002397b232f80] MethodData_lock - owner thread: 0x000002397f8a8000

Heap address: 0x00000000c1600000, size: 1002 MB, Compressed Oops mode: 32-bit
Narrow klass base: 0x0000000000000000, Narrow klass shift: 3
Compressed class space size: 1073741824 Address: 0x0000000100000000

Heap:
 garbage-first heap   total 65536K, used 2632K [0x00000000c1600000, 0x0000000100000000)
  region size 1024K, 1 young (1024K), 1 survivors (1024K)
 Metaspace       used 8927K, capacity 9075K, committed 9216K, reserved 1069056K
  class space    used 835K, capacity 925K, committed 1024K, reserved 1048576K
Heap Regions: E=young(eden), S=young(survivor), O=old, HS=humongous(starts), HC=humongous(continues), CS=collection set, F=free, A=archive, TAMS=top-at-mark-start (previous, next)
|   0|0x00000000c1600000, 0x00000000c1700000, 0x00000000c1700000|100%| O|  |TAMS 0x00000000c1700000, 0x00000000c1700000| Untracked 
|   1|0x00000000c1700000, 0x00000000c1800000, 0x00000000c1800000|100%| O|  |TAMS 0x00000000c1800000, 0x00000000c1800000| Untracked 
|   2|0x00000000c1800000, 0x00000000c1879a00, 0x00000000c1900000| 47%| O|  |TAMS 0x00000000c1879a00, 0x00000000c1879a00| Untracked 
|   3|0x00000000c1900000, 0x00000000c1900000, 0x00000000c1a00000|  0%| F|  |TAMS 0x00000000c1900000, 0x00000000c1900000| Untracked 
|   4|0x00000000c1a00000, 0x00000000c1a00000, 0x00000000c1b00000|  0%| F|  |TAMS 0x00000000c1a00000, 0x00000000c1a00000| Untracked 
|   5|0x00000000c1b00000, 0x00000000c1b00000, 0x00000000c1c00000|  0%| F|  |TAMS 0x00000000c1b00000, 0x00000000c1b00000| Untracked 
|   6|0x00000000c1c00000, 0x00000000c1c00000, 0x00000000c1d00000|  0%| F|  |TAMS 0x00000000c1c00000, 0x00000000c1c00000| Untracked 
|   7|0x00000000c1d00000, 0x00000000c1d00000, 0x00000000c1e00000|  0%| F|  |TAMS 0x00000000c1d00000, 0x00000000c1d00000| Untracked 
|   8|0x00000000c1e00000, 0x00000000c1e00000, 0x00000000c1f00000|  0%| F|  |TAMS 0x00000000c1e00000, 0x00000000c1e00000| Untracked 
|   9|0x00000000c1f00000, 0x00000000c1f00000, 0x00000000c2000000|  0%| F|  |TAMS 0x00000000c1f00000, 0x00000000c1f00000| Untracked 
|  10|0x00000000c2000000, 0x00000000c2000000, 0x00000000c2100000|  0%| F|  |TAMS 0x00000000c2000000, 0x00000000c2000000| Untracked 
|  11|0x00000000c2100000, 0x00000000c2100000, 0x00000000c2200000|  0%| F|  |TAMS 0x00000000c2100000, 0x00000000c2100000| Untracked 
|  12|0x00000000c2200000, 0x00000000c2200000, 0x00000000c2300000|  0%| F|  |TAMS 0x00000000c2200000, 0x00000000c2200000| Untracked 
|  13|0x00000000c2300000, 0x00000000c2300000, 0x00000000c2400000|  0%| F|  |TAMS 0x00000000c2300000, 0x00000000c2300000| Untracked 
|  14|0x00000000c2400000, 0x00000000c2400000, 0x00000000c2500000|  0%| F|  |TAMS 0x00000000c2400000, 0x00000000c2400000| Untracked 
|  15|0x00000000c2500000, 0x00000000c2500000, 0x00000000c2600000|  0%| F|  |TAMS 0x00000000c2500000, 0x00000000c2500000| Untracked 
|  16|0x00000000c2600000, 0x00000000c2600000, 0x00000000c2700000|  0%| F|  |TAMS 0x00000000c2600000, 0x00000000c2600000| Untracked 
|  17|0x00000000c2700000, 0x00000000c2700000, 0x00000000c2800000|  0%| F|  |TAMS 0x00000000c2700000, 0x00000000c2700000| Untracked 
|  18|0x00000000c2800000, 0x00000000c2800000, 0x00000000c2900000|  0%| F|  |TAMS 0x00000000c2800000, 0x00000000c2800000| Untracked 
|  19|0x00000000c2900000, 0x00000000c2900000, 0x00000000c2a00000|  0%| F|  |TAMS 0x00000000c2900000, 0x00000000c2900000| Untracked 
|  20|0x00000000c2a00000, 0x00000000c2a00000, 0x00000000c2b00000|  0%| F|  |TAMS 0x00000000c2a00000, 0x00000000c2a00000| Untracked 
|  21|0x00000000c2b00000, 0x00000000c2b00000, 0x00000000c2c00000|  0%| F|  |TAMS 0x00000000c2b00000, 0x00000000c2b00000| Untracked 
|  22|0x00000000c2c00000, 0x00000000c2c00000, 0x00000000c2d00000|  0%| F|  |TAMS 0x00000000c2c00000, 0x00000000c2c00000| Untracked 
|  23|0x00000000c2d00000, 0x00000000c2d00000, 0x00000000c2e00000|  0%| F|  |TAMS 0x00000000c2d00000, 0x00000000c2d00000| Untracked 
|  24|0x00000000c2e00000, 0x00000000c2e00000, 0x00000000c2f00000|  0%| F|  |TAMS 0x00000000c2e00000, 0x00000000c2e00000| Untracked 
|  25|0x00000000c2f00000, 0x00000000c2f00000, 0x00000000c3000000|  0%| F|  |TAMS 0x00000000c2f00000, 0x00000000c2f00000| Untracked 
|  26|0x00000000c3000000, 0x00000000c3000000, 0x00000000c3100000|  0%| F|  |TAMS 0x00000000c3000000, 0x00000000c3000000| Untracked 
|  27|0x00000000c3100000, 0x00000000c3100000, 0x00000000c3200000|  0%| F|  |TAMS 0x00000000c3100000, 0x00000000c3100000| Untracked 
|  28|0x00000000c3200000, 0x00000000c3200000, 0x00000000c3300000|  0%| F|  |TAMS 0x00000000c3200000, 0x00000000c3200000| Untracked 
|  29|0x00000000c3300000, 0x00000000c3300000, 0x00000000c3400000|  0%| F|  |TAMS 0x00000000c3300000, 0x00000000c3300000| Untracked 
|  30|0x00000000c3400000, 0x00000000c3400000, 0x00000000c3500000|  0%| F|  |TAMS 0x00000000c3400000, 0x00000000c3400000| Untracked 
|  31|0x00000000c3500000, 0x00000000c3500000, 0x00000000c3600000|  0%| F|  |TAMS 0x00000000c3500000, 0x00000000c3500000| Untracked 
|  32|0x00000000c3600000, 0x00000000c3600000, 0x00000000c3700000|  0%| F|  |TAMS 0x00000000c3600000, 0x00000000c3600000| Untracked 
|  33|0x00000000c3700000, 0x00000000c3700000, 0x00000000c3800000|  0%| F|  |TAMS 0x00000000c3700000, 0x00000000c3700000| Untracked 
|  34|0x00000000c3800000, 0x00000000c3800000, 0x00000000c3900000|  0%| F|  |TAMS 0x00000000c3800000, 0x00000000c3800000| Untracked 
|  35|0x00000000c3900000, 0x00000000c3900000, 0x00000000c3a00000|  0%| F|  |TAMS 0x00000000c3900000, 0x00000000c3900000| Untracked 
|  36|0x00000000c3a00000, 0x00000000c3a00000, 0x00000000c3b00000|  0%| F|  |TAMS 0x00000000c3a00000, 0x00000000c3a00000| Untracked 
|  37|0x00000000c3b00000, 0x00000000c3b00000, 0x00000000c3c00000|  0%| F|  |TAMS 0x00000000c3b00000, 0x00000000c3b00000| Untracked 
|  38|0x00000000c3c00000, 0x00000000c3c00000, 0x00000000c3d00000|  0%| F|  |TAMS 0x00000000c3c00000, 0x00000000c3c00000| Untracked 
|  39|0x00000000c3d00000, 0x00000000c3d00000, 0x00000000c3e00000|  0%| F|  |TAMS 0x00000000c3d00000, 0x00000000c3d00000| Untracked 
|  40|0x00000000c3e00000, 0x00000000c3e00000, 0x00000000c3f00000|  0%| F|  |TAMS 0x00000000c3e00000, 0x00000000c3e00000| Untracked 
|  41|0x00000000c3f00000, 0x00000000c3f00000, 0x00000000c4000000|  0%| F|  |TAMS 0x00000000c3f00000, 0x00000000c3f00000| Untracked 
|  42|0x00000000c4000000, 0x00000000c4000000, 0x00000000c4100000|  0%| F|  |TAMS 0x00000000c4000000, 0x00000000c4000000| Untracked 
|  43|0x00000000c4100000, 0x00000000c4100000, 0x00000000c4200000|  0%| F|  |TAMS 0x00000000c4100000, 0x00000000c4100000| Untracked 
|  44|0x00000000c4200000, 0x00000000c4200000, 0x00000000c4300000|  0%| F|  |TAMS 0x00000000c4200000, 0x00000000c4200000| Untracked 
|  45|0x00000000c4300000, 0x00000000c4300000, 0x00000000c4400000|  0%| F|  |TAMS 0x00000000c4300000, 0x00000000c4300000| Untracked 
|  46|0x00000000c4400000, 0x00000000c4400000, 0x00000000c4500000|  0%| F|  |TAMS 0x00000000c4400000, 0x00000000c4400000| Untracked 
|  47|0x00000000c4500000, 0x00000000c4500000, 0x00000000c4600000|  0%| F|  |TAMS 0x00000000c4500000, 0x00000000c4500000| Untracked 
|  48|0x00000000c4600000, 0x00000000c4600000, 0x00000000c4700000|  0%| F|  |TAMS 0x00000000c4600000, 0x00000000c4600000| Untracked 
|  49|0x00000000c4700000, 0x00000000c4700000, 0x00000000c4800000|  0%| F|  |TAMS 0x00000000c4700000, 0x00000000c4700000| Untracked 
|  50|0x00000000c4800000, 0x00000000c4800000, 0x00000000c4900000|  0%| F|  |TAMS 0x00000000c4800000, 0x00000000c4800000| Untracked 
|  51|0x00000000c4900000, 0x00000000c4900000, 0x00000000c4a00000|  0%| F|  |TAMS 0x00000000c4900000, 0x00000000c4900000| Untracked 
|  52|0x00000000c4a00000, 0x00000000c4a00000, 0x00000000c4b00000|  0%| F|  |TAMS 0x00000000c4a00000, 0x00000000c4a00000| Untracked 
|  53|0x00000000c4b00000, 0x00000000c4b00000, 0x00000000c4c00000|  0%| F|  |TAMS 0x00000000c4b00000, 0x00000000c4b00000| Untracked 
|  54|0x00000000c4c00000, 0x00000000c4c00000, 0x00000000c4d00000|  0%| F|  |TAMS 0x00000000c4c00000, 0x00000000c4c00000| Untracked 
|  55|0x00000000c4d00000, 0x00000000c4d00000, 0x00000000c4e00000|  0%| F|  |TAMS 0x00000000c4d00000, 0x00000000c4d00000| Untracked 
|  56|0x00000000c4e00000, 0x00000000c4e00000, 0x00000000c4f00000|  0%| F|  |TAMS 0x00000000c4e00000, 0x00000000c4e00000| Untracked 
|  57|0x00000000c4f00000, 0x00000000c4f00000, 0x00000000c5000000|  0%| F|  |TAMS 0x00000000c4f00000, 0x00000000c4f00000| Untracked 
|  58|0x00000000c5000000, 0x00000000c5000000, 0x00000000c5100000|  0%| F|  |TAMS 0x00000000c5000000, 0x00000000c5000000| Untracked 
|  59|0x00000000c5100000, 0x00000000c5100000, 0x00000000c5200000|  0%| F|  |TAMS 0x00000000c5100000, 0x00000000c5100000| Untracked 
|  60|0x00000000c5200000, 0x00000000c5200000, 0x00000000c5300000|  0%| F|  |TAMS 0x00000000c5200000, 0x00000000c5200000| Untracked 
|  61|0x00000000c5300000, 0x00000000c53188c8, 0x00000000c5400000|  9%| S|CS|TAMS 0x00000000c5300000, 0x00000000c5300000| Complete 
|  62|0x00000000c5400000, 0x00000000c5400000, 0x00000000c5500000|  0%| F|  |TAMS 0x00000000c5400000, 0x00000000c5400000| Untracked 
|  63|0x00000000c5500000, 0x00000000c5500000, 0x00000000c5600000|  0%| F|  |TAMS 0x00000000c5500000, 0x00000000c5500000| Untracked 

Card table byte_map: [0x000002397b000000,0x000002397b200000] _byte_map_base: 0x000002397a9f5000

Marking Bits (Prev, Next): (CMBitMap*) 0x000002397b263f60, (CMBitMap*) 0x000002397b263f28
 Prev Bits: [0x000002397c4b0000, 0x000002397d458000)
 Next Bits: [0x000002397b500000, 0x000002397c4a8000)

Polling page: 0x0000023979020000

Metaspace:

Usage:
  Non-class:      7.96 MB capacity,     7.90 MB (>99%) used,    42.34 KB ( <1%) free+waste,    16.25 KB ( <1%) overhead. 
      Class:    925.00 KB capacity,   835.90 KB ( 90%) used,    80.91 KB (  9%) free+waste,     8.19 KB ( <1%) overhead. 
       Both:      8.86 MB capacity,     8.72 MB ( 98%) used,   123.25 KB (  1%) free+waste,    24.44 KB ( <1%) overhead. 

Virtual space:
  Non-class space:       20.00 MB reserved,       8.00 MB ( 40%) committed 
      Class space:        1.00 GB reserved,       1.00 MB ( <1%) committed 
             Both:        1.02 GB reserved,       9.00 MB ( <1%) committed 

Chunk freelists:
   Non-Class:  5.25 KB
       Class:  384 bytes
        Both:  5.63 KB

CodeHeap 'non-profiled nmethods': size=120064Kb used=168Kb max_used=168Kb free=119895Kb
 bounds [0x000002390fd00000, 0x000002390ff70000, 0x0000023917240000]
CodeHeap 'profiled nmethods': size=120000Kb used=848Kb max_used=848Kb free=119151Kb
 bounds [0x00000239087d0000, 0x0000023908a40000, 0x000002390fd00000]
CodeHeap 'non-nmethods': size=5696Kb used=1184Kb max_used=1197Kb free=4511Kb
 bounds [0x0000023908240000, 0x00000239084b0000, 0x00000239087d0000]
 total_blobs=1091 nmethods=546 adapters=345
 compilation: enabled
              stopped_count=0, restarted_count=0
 full_count=0

Compilation events (10 events):
Event: 2.811 Thread 0x000002397f8a8000 nmethod 549 0x00000239088a2610 code [0x00000239088a2800, 0x00000239088a2ba0]
Event: 2.814 Thread 0x000002397f8a8000  550       3       sun.nio.fs.WindowsPathParser::nextNonSlash (24 bytes)
Event: 2.816 Thread 0x000002397f8a8000 nmethod 550 0x00000239088a2d10 code [0x00000239088a2f40, 0x00000239088a3720]
Event: 2.816 Thread 0x000002397f8a8000  551       3       java.lang.ThreadLocal::getMap (5 bytes)
Event: 2.817 Thread 0x000002397f8a8000 nmethod 551 0x00000239088a3a90 code [0x00000239088a3c40, 0x00000239088a3d98]
Event: 2.817 Thread 0x000002397f8a8000  552       3       java.lang.String::toLowerCase (29 bytes)
Event: 2.818 Thread 0x000002397f8a8000 nmethod 552 0x00000239088a3e90 code [0x00000239088a4060, 0x00000239088a4380]
Event: 2.818 Thread 0x000002397f8a8000  553       1       java.net.URL::getPort (5 bytes)
Event: 2.818 Thread 0x000002397f8a8000 nmethod 553 0x000002390fd29f10 code [0x000002390fd2a0c0, 0x000002390fd2a1d8]
Event: 2.825 Thread 0x000002397f8a8000  554       3       java.io.WinNTFileSystem::normalize (224 bytes)

GC Heap History (8 events):
Event: 1.909 GC heap before
{Heap before GC invocations=0 (full 0):
 garbage-first heap   total 65536K, used 2048K [0x00000000c1600000, 0x0000000100000000)
  region size 1024K, 3 young (3072K), 0 survivors (0K)
 Metaspace       used 6799K, capacity 6918K, committed 7168K, reserved 1056768K
  class space    used 601K, capacity 649K, committed 768K, reserved 1048576K
}
Event: 1.930 GC heap after
{Heap after GC invocations=1 (full 0):
 garbage-first heap   total 65536K, used 1212K [0x00000000c1600000, 0x0000000100000000)
  region size 1024K, 1 young (1024K), 1 survivors (1024K)
 Metaspace       used 6799K, capacity 6918K, committed 7168K, reserved 1056768K
  class space    used 601K, capacity 649K, committed 768K, reserved 1048576K
}
Event: 2.431 GC heap before
{Heap before GC invocations=1 (full 0):
 garbage-first heap   total 65536K, used 2236K [0x00000000c1600000, 0x0000000100000000)
  region size 1024K, 3 young (3072K), 1 survivors (1024K)
 Metaspace       used 8702K, capacity 8829K, committed 9088K, reserved 1056768K
  class space    used 793K, capacity 841K, committed 896K, reserved 1048576K
}
Event: 2.439 GC heap after
{Heap after GC invocations=2 (full 0):
 garbage-first heap   total 65536K, used 2508K [0x00000000c1600000, 0x0000000100000000)
  region size 1024K, 1 young (1024K), 1 survivors (1024K)
 Metaspace       used 8702K, capacity 8829K, committed 9088K, reserved 1056768K
  class space    used 793K, capacity 841K, committed 896K, reserved 1048576K
}
Event: 2.631 GC heap before
{Heap before GC invocations=2 (full 0):
 garbage-first heap   total 65536K, used 2508K [0x00000000c1600000, 0x0000000100000000)
  region size 1024K, 2 young (2048K), 1 survivors (1024K)
 Metaspace       used 8827K, capacity 8991K, committed 9088K, reserved 1056768K
  class space    used 815K, capacity 875K, committed 896K, reserved 1048576K
}
Event: 2.637 GC heap after
{Heap after GC invocations=3 (full 0):
 garbage-first heap   total 65536K, used 2616K [0x00000000c1600000, 0x0000000100000000)
  region size 1024K, 1 young (1024K), 1 survivors (1024K)
 Metaspace       used 8827K, capacity 8991K, committed 9088K, reserved 1056768K
  class space    used 815K, capacity 875K, committed 896K, reserved 1048576K
}
Event: 2.826 GC heap before
{Heap before GC invocations=4 (full 0):
 garbage-first heap   total 65536K, used 2616K [0x00000000c1600000, 0x0000000100000000)
  region size 1024K, 2 young (2048K), 1 survivors (1024K)
 Metaspace       used 8927K, capacity 9075K, committed 9216K, reserved 1067008K
  class space    used 835K, capacity 925K, committed 1024K, reserved 1048576K
}
Event: 2.829 GC heap after
{Heap after GC invocations=5 (full 0):
 garbage-first heap   total 65536K, used 2632K [0x00000000c1600000, 0x0000000100000000)
  region size 1024K, 1 young (1024K), 1 survivors (1024K)
 Metaspace       used 8927K, capacity 9075K, committed 9216K, reserved 1067008K
  class space    used 835K, capacity 925K, committed 1024K, reserved 1048576K
}

Deoptimization events (1 events):
Event: 0.799 Thread 0x000002397b234800 Uncommon trap: reason=unstable_if action=reinterpret pc=0x000002390fd04bb0 method=java.lang.String.hashCode()I @ 14 c2

Classes redefined (0 events):
No events

Internal exceptions (10 events):
Event: 2.102 Thread 0x000002397b234800 Exception <a 'java/security/PrivilegedActionException'{0x00000000c55e5e50}> (0x00000000c55e5e50) thrown at [t:/workspace/open/src/hotspot/share/prims/jvm.cpp, line 1307]
Event: 2.102 Thread 0x000002397b234800 Exception <a 'java/security/PrivilegedActionException'{0x00000000c55f4f98}> (0x00000000c55f4f98) thrown at [t:/workspace/open/src/hotspot/share/prims/jvm.cpp, line 1307]
Event: 2.109 Thread 0x000002397b234800 Exception <a 'java/security/PrivilegedActionException'{0x00000000c55fd210}> (0x00000000c55fd210) thrown at [t:/workspace/open/src/hotspot/share/prims/jvm.cpp, line 1307]
Event: 2.109 Thread 0x000002397b234800 Exception <a 'java/security/PrivilegedActionException'{0x00000000c55fd788}> (0x00000000c55fd788) thrown at [t:/workspace/open/src/hotspot/share/prims/jvm.cpp, line 1307]
Event: 2.392 Thread 0x000002391fed5000 Exception <a 'java/lang/NoSuchMethodError'{0x00000000c54b4d18}: java.lang.invoke.DirectMethodHandle$Holder.invokeSpecial(Ljava/lang/Object;Ljava/lang/Object;)V> (0x00000000c54b4d18) thrown at [t:/workspace/open/src/hotspot/share/interpreter/linkResolver.c
Event: 2.416 Thread 0x000002397b234800 Exception <a 'java/lang/NoSuchMethodError'{0x00000000c54db308}: java.lang.invoke.DirectMethodHandle$Holder.invokeStatic(Ljava/lang/Object;Ljava/lang/Object;Ljava/lang/Object;Ljava/lang/Object;Ljava/lang/Object;Ljava/lang/Object;Ljava/lang/Object;Ljava/lan
Event: 2.424 Thread 0x000002397b234800 Exception <a 'java/lang/NoSuchMethodError'{0x00000000c54f5908}: java.lang.invoke.DirectMethodHandle$Holder.invokeStatic(Ljava/lang/Object;Ljava/lang/Object;Ljava/lang/Object;Ljava/lang/Object;Ljava/lang/Object;Ljava/lang/Object;Ljava/lang/Object;Ljava/lan
Event: 2.766 Thread 0x000002391fee0000 Exception <a 'java/lang/NoSuchMethodError'{0x00000000c555b5d8}: java.lang.invoke.Invokers$Holder.linkToTargetMethod(Ljava/lang/Object;ILjava/lang/Object;)Ljava/lang/Object;> (0x00000000c555b5d8) thrown at [t:/workspace/open/src/hotspot/share/interpreter/l
Event: 2.819 Thread 0x000002391fee0000 Exception <a 'java/security/PrivilegedActionException'{0x00000000c558a7f8}> (0x00000000c558a7f8) thrown at [t:/workspace/open/src/hotspot/share/prims/jvm.cpp, line 1307]
Event: 2.819 Thread 0x000002391fee0000 Exception <a 'java/security/PrivilegedActionException'{0x00000000c558aac8}> (0x00000000c558aac8) thrown at [t:/workspace/open/src/hotspot/share/prims/jvm.cpp, line 1307]

Events (10 events):
Event: 2.822 loading class sun/nio/cs/ThreadLocalCoders$1
Event: 2.822 loading class sun/nio/cs/ThreadLocalCoders$Cache
Event: 2.822 loading class sun/nio/cs/ThreadLocalCoders$Cache done
Event: 2.822 loading class sun/nio/cs/ThreadLocalCoders$1 done
Event: 2.823 loading class sun/nio/cs/ThreadLocalCoders$2
Event: 2.823 loading class sun/nio/cs/ThreadLocalCoders$2 done
Event: 2.823 loading class sun/nio/cs/UTF_8$Decoder
Event: 2.823 loading class sun/nio/cs/UTF_8$Decoder done
Event: 2.824 loading class java/nio/charset/CoderResult
Event: 2.825 Executing VM operation: CollectForMetadataAllocation


Dynamic libraries:
0x00007ff6a0940000 - 0x00007ff6a0985000 	D:\Greenfoot-windows-361\Greenfoot\jdk\bin\java.exe
0x00007fffbb5e0000 - 0x00007fffbb7d0000 	C:\WINDOWS\SYSTEM32\ntdll.dll
0x00007fffba840000 - 0x00007fffba8f2000 	C:\WINDOWS\System32\KERNEL32.DLL
0x00007fffb91b0000 - 0x00007fffb9455000 	C:\WINDOWS\System32\KERNELBASE.dll
0x00007fffb5ce0000 - 0x00007fffb5d6f000 	C:\WINDOWS\SYSTEM32\apphelp.dll
0x00007fffba620000 - 0x00007fffba7b4000 	C:\WINDOWS\System32\USER32.dll
0x00007fffb9660000 - 0x00007fffb9681000 	C:\WINDOWS\System32\win32u.dll
0x00007fffbaf40000 - 0x00007fffbaf66000 	C:\WINDOWS\System32\GDI32.dll
0x00007fffb8790000 - 0x00007fffb8926000 	C:\WINDOWS\System32\gdi32full.dll
0x00007fffb8570000 - 0x00007fffb860e000 	C:\WINDOWS\System32\msvcp_win.dll
0x00007fffb90b0000 - 0x00007fffb91aa000 	C:\WINDOWS\System32\ucrtbase.dll
0x00007fffa3c50000 - 0x00007fffa3ed4000 	C:\WINDOWS\WinSxS\amd64_microsoft.windows.common-controls_6595b64144ccf1df_6.0.18362.1139_none_9e7bf2d3e4605ac6\COMCTL32.dll
0x00007fffbae50000 - 0x00007fffbaeee000 	C:\WINDOWS\System32\msvcrt.dll
0x00007fffba970000 - 0x00007fffbaca5000 	C:\WINDOWS\System32\combase.dll
0x00007fffbacb0000 - 0x00007fffbadd0000 	C:\WINDOWS\System32\RPCRT4.dll
0x00007fffb9460000 - 0x00007fffb94e0000 	C:\WINDOWS\System32\bcryptPrimitives.dll
0x00007fffbaf10000 - 0x00007fffbaf3e000 	C:\WINDOWS\System32\IMM32.DLL
0x00007fffa1530000 - 0x00007fffa1546000 	D:\Greenfoot-windows-361\Greenfoot\jdk\bin\vcruntime140.dll
0x00007fff81fa0000 - 0x00007fff8204a000 	D:\Greenfoot-windows-361\Greenfoot\jdk\bin\msvcp140.dll
0x00007fff7f030000 - 0x00007fff7fb53000 	D:\Greenfoot-windows-361\Greenfoot\jdk\bin\server\jvm.dll
0x00007fffbb020000 - 0x00007fffbb0c3000 	C:\WINDOWS\System32\ADVAPI32.dll
0x00007fffb9690000 - 0x00007fffb9727000 	C:\WINDOWS\System32\sechost.dll
0x00007fffba7c0000 - 0x00007fffba7c8000 	C:\WINDOWS\System32\PSAPI.DLL
0x00007fffb1530000 - 0x00007fffb1539000 	C:\WINDOWS\SYSTEM32\WSOCK32.dll
0x00007fffba900000 - 0x00007fffba96f000 	C:\WINDOWS\System32\WS2_32.dll
0x00007fffb5be0000 - 0x00007fffb5c04000 	C:\WINDOWS\SYSTEM32\WINMM.dll
0x00007fffac6b0000 - 0x00007fffac6ba000 	C:\WINDOWS\SYSTEM32\VERSION.dll
0x00007fffb5bb0000 - 0x00007fffb5bdd000 	C:\WINDOWS\SYSTEM32\WINMMBASE.dll
0x00007fffb8630000 - 0x00007fffb867a000 	C:\WINDOWS\System32\cfgmgr32.dll
0x00007fffb8500000 - 0x00007fffb8511000 	C:\WINDOWS\System32\kernel.appcore.dll
0x00007fff9f1b0000 - 0x00007fff9f1c1000 	D:\Greenfoot-windows-361\Greenfoot\jdk\bin\verify.dll
0x00007fffb6dc0000 - 0x00007fffb6fb4000 	C:\WINDOWS\SYSTEM32\DBGHELP.DLL
0x00007fff9d6e0000 - 0x00007fff9d70a000 	C:\WINDOWS\SYSTEM32\dbgcore.DLL
0x00007fff93260000 - 0x00007fff93288000 	D:\Greenfoot-windows-361\Greenfoot\jdk\bin\java.dll
0x00007fff98dc0000 - 0x00007fff98df7000 	D:\Greenfoot-windows-361\Greenfoot\jdk\bin\jdwp.dll
0x00007fff93240000 - 0x00007fff93256000 	D:\Greenfoot-windows-361\Greenfoot\jdk\bin\zip.dll
0x00007fffa2e20000 - 0x00007fffa2e2a000 	D:\Greenfoot-windows-361\Greenfoot\jdk\bin\jimage.dll
0x00007fffb97c0000 - 0x00007fffb9ea7000 	C:\WINDOWS\System32\SHELL32.dll
0x00007fffba570000 - 0x00007fffba619000 	C:\WINDOWS\System32\shcore.dll
0x00007fffb8930000 - 0x00007fffb90b0000 	C:\WINDOWS\System32\windows.storage.dll
0x00007fffb84d0000 - 0x00007fffb84f3000 	C:\WINDOWS\System32\profapi.dll
0x00007fffb8520000 - 0x00007fffb856a000 	C:\WINDOWS\System32\powrprof.dll
0x00007fffb84a0000 - 0x00007fffb84b0000 	C:\WINDOWS\System32\UMPDC.dll
0x00007fffba500000 - 0x00007fffba552000 	C:\WINDOWS\System32\shlwapi.dll
0x00007fffb8610000 - 0x00007fffb8627000 	C:\WINDOWS\System32\cryptsp.dll
0x00007fffb2590000 - 0x00007fffb259a000 	D:\Greenfoot-windows-361\Greenfoot\jdk\bin\dt_socket.dll
0x00007fffb7c90000 - 0x00007fffb7cf7000 	C:\WINDOWS\system32\mswsock.dll
0x00007fff93220000 - 0x00007fff93239000 	D:\Greenfoot-windows-361\greenfoot\jdk\bin\net.dll
0x00007fffaaad0000 - 0x00007fffaabc0000 	C:\WINDOWS\SYSTEM32\WINHTTP.dll
0x00007fffad6c0000 - 0x00007fffad896000 	C:\WINDOWS\SYSTEM32\urlmon.dll
0x00007fffad410000 - 0x00007fffad6b7000 	C:\WINDOWS\SYSTEM32\iertutil.dll
0x00007fffb7e60000 - 0x00007fffb7e6c000 	C:\WINDOWS\SYSTEM32\CRYPTBASE.DLL
0x00007fff93200000 - 0x00007fff93213000 	D:\Greenfoot-windows-361\greenfoot\jdk\bin\nio.dll
0x00007fff81cc0000 - 0x00007fff81e5e000 	D:\Greenfoot-windows-361\greenfoot\jdk\bin\awt.dll
0x00007fffba430000 - 0x00007fffba4f5000 	C:\WINDOWS\System32\OLEAUT32.dll
0x00007fffb45d0000 - 0x00007fffb4b90000 	C:\WINDOWS\SYSTEM32\d2d1.dll
0x00007fffb6090000 - 0x00007fffb6129000 	C:\WINDOWS\system32\uxtheme.dll
0x00007fffb9f80000 - 0x00007fffba0b5000 	C:\WINDOWS\System32\MSCTF.dll
0x00007fffba2d0000 - 0x00007fffba427000 	C:\WINDOWS\System32\ole32.dll

dbghelp: loaded successfully - version: 4.0.5 - missing functions: none
symbol engine: initialized successfully - sym options: 0x614 - pdb path: .;D:\Greenfoot-windows-361\Greenfoot\jdk\bin;C:\WINDOWS\SYSTEM32;C:\WINDOWS\WinSxS\amd64_microsoft.windows.common-controls_6595b64144ccf1df_6.0.18362.1139_none_9e7bf2d3e4605ac6;D:\Greenfoot-windows-361\Greenfoot\jdk\bin\server

VM Arguments:
jvm_args: -XX:MaxGCPauseMillis=50 -agentlib:jdwp=transport=dt_socket,address=127.0.0.1:51292 -Dfile.encoding=UTF-8 
java_command: bluej.runtime.ExecServer UTF-8
java_class_path (initial): D:\Greenfoot-windows-361\greenfoot\lib\extensions\greenfoot.jar;D:\Greenfoot-windows-361\greenfoot\lib\bluejcore.jar;D:\Greenfoot-windows-361\greenfoot\lib\bluejeditor.jar;D:\Greenfoot-windows-361\greenfoot\lib\bluejext.jar;D:\Greenfoot-windows-361\greenfoot\lib\junit-4.11.jar;D:\Greenfoot-windows-361\greenfoot\lib\hamcrest-core-1.3.jar;D:\Greenfoot-windows-361\greenfoot\lib\bluej.jar;D:\Greenfoot-windows-361\greenfoot\lib\classgraph-4.2.6.jar;D:\Greenfoot-windows-361\greenfoot\lib\diffutils-1.2.1.jar;D:\Greenfoot-windows-361\greenfoot\lib\commons-logging-api-1.1.2.jar;D:\Greenfoot-windows-361\greenfoot\lib\jl1.0.1.jar;D:\Greenfoot-windows-361\greenfoot\lib\opencsv-2.3.jar;D:\Greenfoot-windows-361\greenfoot\lib\xom-1.2.9.jar;D:\Greenfoot-windows-361\greenfoot\lib\lang-stride.jar;D:\Greenfoot-windows-361\greenfoot\lib\nsmenufx-2.1.4.jar;D:\Greenfoot-windows-361\greenfoot\lib\richtextfx-fat-0.9.0.jar;D:\Greenfoot-windows-361\greenfoot\lib\guava-17.0.jar;D:\Greenfoot-windows-361\greenfoot\lib\httpclient-4.1.1.jar;D:\Greenfoot-windows-361\greenfoot\lib\httpcore-4.1.jar;D:\Greenfoot-windows-361\greenfoot\lib\httpmime-4.1.1.jar;D:\Greenfoot-windows-361\greenfoot\lib\javafx\lib\javafx.base.jar;D:\Greenfoot-windows-361\greenfoot\lib\javafx\lib\javafx.controls.jar;D:\Greenfoot-windows-361\greenfoot\lib\javafx\lib\javafx.fxml.jar;D:\Greenfoot-windows-361\greenfoot\lib\javafx\lib\javafx.graphics.jar;D:\Greenfoot-windows-361\greenfoot\lib\javafx\lib\javafx.media.jar;D:\Greenfoot-windows-361\greenfoot\lib\javafx\lib\javafx.properties.jar;D:\Greenfoot-windows-361\greenfoot\lib\javafx\lib\javafx.swing.jar;D:\Greenfoot-windows-361\greenfoot\lib\javafx\lib\javafx.web.jar;D:\Greenfoot-windows-361\greenfoot\lib\javafx\lib\javafx.base.jar;D:\Greenfoot-windows-361\greenfoot\lib\javafx\lib\javafx.controls.jar;D:\Greenfoot-windows-361\greenfoot\lib\javafx\lib\javafx.fxml.jar;D:\Greenfoot-windows-361\greenfoot\lib\javafx\lib\javafx.graphics.jar;D:\Greenfoot-win
Launcher Type: SUN_STANDARD

[Global flags]
     intx CICompilerCount                          = 2                                         {product} {ergonomic}
     uint ConcGCThreads                            = 1                                         {product} {ergonomic}
     uint G1ConcRefinementThreads                  = 2                                         {product} {ergonomic}
   size_t G1HeapRegionSize                         = 1048576                                   {product} {ergonomic}
    uintx GCDrainStackTargetSize                   = 64                                        {product} {ergonomic}
   size_t InitialHeapSize                          = 67108864                                  {product} {ergonomic}
   size_t MarkStackSize                            = 4194304                                   {product} {ergonomic}
    uintx MaxGCPauseMillis                         = 50                                        {product} {command line}
   size_t MaxHeapSize                              = 1050673152                                {product} {ergonomic}
   size_t MaxNewSize                               = 630194176                                 {product} {ergonomic}
   size_t MinHeapDeltaBytes                        = 1048576                                   {product} {ergonomic}
    uintx NonNMethodCodeHeapSize                   = 5824844                                {pd product} {ergonomic}
    uintx NonProfiledCodeHeapSize                  = 122916698                              {pd product} {ergonomic}
    uintx ProfiledCodeHeapSize                     = 122916698                              {pd product} {ergonomic}
    uintx ReservedCodeCacheSize                    = 251658240                              {pd product} {ergonomic}
     bool SegmentedCodeCache                       = true                                      {product} {ergonomic}
     bool UseCompressedClassPointers               = true                                 {lp64_product} {ergonomic}
     bool UseCompressedOops                        = true                                 {lp64_product} {ergonomic}
     bool UseG1GC                                  = true                                      {product} {ergonomic}
     bool UseLargePagesIndividualAllocation        = false                                  {pd product} {ergonomic}

Logging:
Log output configuration:
 #0: stdout all=warning uptime,level,tags
 #1: stderr all=off uptime,level,tags

Environment Variables:
JAVA_HOME=C:\Program Files\Java\jdk-14.0.2
PATH=C:\WINDOWS\system32;C:\WINDOWS;C:\WINDOWS\System32\Wbem;C:\WINDOWS\System32\WindowsPowerShell\v1.0\;C:\WINDOWS\System32\OpenSSH\;C:\Program Files\Git\cmd;C:\maven\apache-maven-3.6.3\bin;C:\Users\iFelix\AppData\Local\Microsoft\WindowsApps;
USERNAME=iFelix
OS=Windows_NT
PROCESSOR_IDENTIFIER=Intel64 Family 6 Model 76 Stepping 4, GenuineIntel



---------------  S Y S T E M  ---------------

OS: Windows 10 , 64 bit Build 18362 (10.0.18362.1110)

CPU:total 2 (initial active 2) (2 cores per cpu, 1 threads per core) family 6 model 76 stepping 4, cmov, cx8, fxsr, mmx, sse, sse2, sse3, ssse3, sse4.1, sse4.2, popcnt, aes, clmul, erms, 3dnowpref, tsc, tscinvbit

Memory: 4k page, system-wide physical 4001M (859M free)
TotalPageFile size 4952M (AvailPageFile size 3M)
current process WorkingSet (physical memory assigned to process): 49M, peak: 49M
current process commit charge ("private bytes"): 135M, peak: 136M

vm_info: OpenJDK 64-Bit Server VM (11.0.2+9) for windows-amd64 JRE (11.0.2+9), built on Jan 18 2019 05:23:22 by "mach5one" with MS VC++ 15.5 (VS2017)

END.
